TpTrace Verbose: 0 : 16028, 1, 2022/03/28, 09:39:17.442, 5451771453193, vstest.console.dll, Version: 17.0.0
TpTrace Information: 0 : 16028, 1, 2022/03/28, 09:39:17.456, 5451771574383, vstest.console.dll, FilePatternParser: The given file C:\Users\hp\source\repos\winform_jason\BankAppTest\bin\Debug\net5.0\fine-code-coverage\build-output\BankAppTest.dll is a full path.
TpTrace Verbose: 0 : 16028, 1, 2022/03/28, 09:39:17.461, 5451771631700, vstest.console.dll, TestPluginCache.DiscoverTestExtensions: finding test extensions in assemblies ends with: RuntimeProvider.dll TPluginInfo: Microsoft.VisualStudio.TestPlatform.Common.ExtensionFramework.Utilities.TestRuntimePluginInformation TExtension: Microsoft.VisualStudio.TestPlatform.ObjectModel.Host.ITestRuntimeProvider
TpTrace Verbose: 0 : 16028, 1, 2022/03/28, 09:39:17.462, 5451771637174, vstest.console.dll, TestPluginCache.GetExtensionPaths: Filtered extension paths: 
TpTrace Verbose: 0 : 16028, 1, 2022/03/28, 09:39:17.462, 5451771638345, vstest.console.dll, TestPluginCache.GetExtensionPaths: Added default extension paths: C:\Program Files\dotnet\sdk\6.0.102\Extensions\Microsoft.Diagnostics.NETCore.Client.dll
C:\Program Files\dotnet\sdk\6.0.102\Extensions\Microsoft.TestPlatform.Extensions.BlameDataCollector.dll
C:\Program Files\dotnet\sdk\6.0.102\Extensions\Microsoft.TestPlatform.Extensions.EventLogCollector.dll
C:\Program Files\dotnet\sdk\6.0.102\Extensions\Microsoft.TestPlatform.TestHostRuntimeProvider.dll
C:\Program Files\dotnet\sdk\6.0.102\Extensions\Microsoft.VisualStudio.TestPlatform.Extensions.Html.TestLogger.dll
C:\Program Files\dotnet\sdk\6.0.102\Extensions\Microsoft.VisualStudio.TestPlatform.Extensions.Trx.TestLogger.dll
TpTrace Verbose: 0 : 16028, 1, 2022/03/28, 09:39:17.462, 5451771638727, vstest.console.dll, TestPluginCache.GetExtensionPaths: Added unfilterableExtensionPaths: 
TpTrace Information: 0 : 16028, 1, 2022/03/28, 09:39:17.463, 5451771648394, vstest.console.dll, AssemblyResolver.ctor: Creating AssemblyResolver with searchDirectories C:\Program Files\dotnet\sdk\6.0.102\Extensions,C:\Program Files\dotnet\sdk\6.0.102
TpTrace Verbose: 0 : 16028, 1, 2022/03/28, 09:39:17.464, 5451771662391, vstest.console.dll, TestPluginCache.DiscoverTestExtensions: Discovering the extensions using extension path.
TpTrace Verbose: 0 : 16028, 1, 2022/03/28, 09:39:17.465, 5451771664270, vstest.console.dll, TestPluginCache.GetExtensionPaths: Filtered extension paths: 
TpTrace Verbose: 0 : 16028, 1, 2022/03/28, 09:39:17.465, 5451771664873, vstest.console.dll, TestPluginCache.GetExtensionPaths: Added default extension paths: C:\Program Files\dotnet\sdk\6.0.102\Extensions\Microsoft.Diagnostics.NETCore.Client.dll
C:\Program Files\dotnet\sdk\6.0.102\Extensions\Microsoft.TestPlatform.Extensions.BlameDataCollector.dll
C:\Program Files\dotnet\sdk\6.0.102\Extensions\Microsoft.TestPlatform.Extensions.EventLogCollector.dll
C:\Program Files\dotnet\sdk\6.0.102\Extensions\Microsoft.TestPlatform.TestHostRuntimeProvider.dll
C:\Program Files\dotnet\sdk\6.0.102\Extensions\Microsoft.VisualStudio.TestPlatform.Extensions.Html.TestLogger.dll
C:\Program Files\dotnet\sdk\6.0.102\Extensions\Microsoft.VisualStudio.TestPlatform.Extensions.Trx.TestLogger.dll
TpTrace Verbose: 0 : 16028, 1, 2022/03/28, 09:39:17.465, 5451771665231, vstest.console.dll, TestPluginCache.GetExtensionPaths: Added unfilterableExtensionPaths: 
TpTrace Verbose: 0 : 16028, 1, 2022/03/28, 09:39:17.465, 5451771666479, vstest.console.dll, TestPluginCache.DiscoverTestExtensions: Discovering the extensions using allExtensionPaths: C:\Program Files\dotnet\sdk\6.0.102\Extensions\Microsoft.Diagnostics.NETCore.Client.dll
C:\Program Files\dotnet\sdk\6.0.102\Extensions\Microsoft.TestPlatform.Extensions.BlameDataCollector.dll
C:\Program Files\dotnet\sdk\6.0.102\Extensions\Microsoft.TestPlatform.Extensions.EventLogCollector.dll
C:\Program Files\dotnet\sdk\6.0.102\Extensions\Microsoft.TestPlatform.TestHostRuntimeProvider.dll
C:\Program Files\dotnet\sdk\6.0.102\Extensions\Microsoft.VisualStudio.TestPlatform.Extensions.Html.TestLogger.dll
C:\Program Files\dotnet\sdk\6.0.102\Extensions\Microsoft.VisualStudio.TestPlatform.Extensions.Trx.TestLogger.dll
TpTrace Information: 0 : 16028, 1, 2022/03/28, 09:39:17.465, 5451771669114, vstest.console.dll, AssemblyResolver.AddSearchDirectories: Adding more searchDirectories C:\Program Files\dotnet\sdk\6.0.102\Extensions,C:\Program Files\dotnet\sdk\6.0.102
TpTrace Information: 0 : 16028, 1, 2022/03/28, 09:39:17.465, 5451771669798, vstest.console.dll, AssemblyResolver.AddSearchDirectories: Adding more searchDirectories C:\Program Files\dotnet\sdk\6.0.102\Extensions,C:\Program Files\dotnet\sdk\6.0.102
TpTrace Information: 0 : 16028, 1, 2022/03/28, 09:39:17.465, 5451771670084, vstest.console.dll, AssemblyResolver.AddSearchDirectories: Adding more searchDirectories C:\Program Files\dotnet\sdk\6.0.102\Extensions,C:\Program Files\dotnet\sdk\6.0.102
TpTrace Information: 0 : 16028, 1, 2022/03/28, 09:39:17.465, 5451771670332, vstest.console.dll, AssemblyResolver.AddSearchDirectories: Adding more searchDirectories C:\Program Files\dotnet\sdk\6.0.102\Extensions,C:\Program Files\dotnet\sdk\6.0.102
TpTrace Information: 0 : 16028, 1, 2022/03/28, 09:39:17.465, 5451771670624, vstest.console.dll, AssemblyResolver.AddSearchDirectories: Adding more searchDirectories C:\Program Files\dotnet\sdk\6.0.102\Extensions,C:\Program Files\dotnet\sdk\6.0.102
TpTrace Information: 0 : 16028, 1, 2022/03/28, 09:39:17.465, 5451771670899, vstest.console.dll, AssemblyResolver.AddSearchDirectories: Adding more searchDirectories C:\Program Files\dotnet\sdk\6.0.102\Extensions,C:\Program Files\dotnet\sdk\6.0.102
TpTrace Information: 0 : 16028, 1, 2022/03/28, 09:39:17.466, 5451771675440, vstest.console.dll, AssemblyResolver.OnResolve: Microsoft.Diagnostics.NETCore.Client: Resolving assembly.
TpTrace Information: 0 : 16028, 1, 2022/03/28, 09:39:17.466, 5451771676566, vstest.console.dll, AssemblyResolver.OnResolve: Microsoft.Diagnostics.NETCore.Client: Searching in: 'C:\Program Files\dotnet\sdk\6.0.102\Extensions'.
TpTrace Information: 0 : 16028, 1, 2022/03/28, 09:39:17.467, 5451771687659, vstest.console.dll, AssemblyResolver.OnResolve: Microsoft.Diagnostics.NETCore.Client: Loading assembly 'C:\Program Files\dotnet\sdk\6.0.102\Extensions\Microsoft.Diagnostics.NETCore.Client.dll'.
TpTrace Information: 0 : 16028, 1, 2022/03/28, 09:39:17.469, 5451771706203, vstest.console.dll, AssemblyResolver.OnResolve: Resolved assembly: Microsoft.Diagnostics.NETCore.Client, from path: C:\Program Files\dotnet\sdk\6.0.102\Extensions\Microsoft.Diagnostics.NETCore.Client.dll
TpTrace Information: 0 : 16028, 1, 2022/03/28, 09:39:17.475, 5451771767399, vstest.console.dll, AssemblyResolver.OnResolve: Microsoft.Bcl.AsyncInterfaces: Resolving assembly.
TpTrace Information: 0 : 16028, 1, 2022/03/28, 09:39:17.475, 5451771768458, vstest.console.dll, AssemblyResolver.OnResolve: Microsoft.Bcl.AsyncInterfaces: Searching in: 'C:\Program Files\dotnet\sdk\6.0.102\Extensions'.
TpTrace Information: 0 : 16028, 1, 2022/03/28, 09:39:17.475, 5451771769431, vstest.console.dll, AssemblyResolver.OnResolve: Microsoft.Bcl.AsyncInterfaces: Assembly path does not exist: 'C:\Program Files\dotnet\sdk\6.0.102\Extensions\Microsoft.Bcl.AsyncInterfaces.dll', returning.
TpTrace Information: 0 : 16028, 1, 2022/03/28, 09:39:17.475, 5451771769985, vstest.console.dll, AssemblyResolver.OnResolve: Microsoft.Bcl.AsyncInterfaces: Assembly path does not exist: 'C:\Program Files\dotnet\sdk\6.0.102\Extensions\Microsoft.Bcl.AsyncInterfaces.exe', returning.
TpTrace Information: 0 : 16028, 1, 2022/03/28, 09:39:17.475, 5451771770229, vstest.console.dll, AssemblyResolver.OnResolve: Microsoft.Bcl.AsyncInterfaces: Searching in: 'C:\Program Files\dotnet\sdk\6.0.102'.
TpTrace Information: 0 : 16028, 1, 2022/03/28, 09:39:17.475, 5451771770785, vstest.console.dll, AssemblyResolver.OnResolve: Microsoft.Bcl.AsyncInterfaces: Assembly path does not exist: 'C:\Program Files\dotnet\sdk\6.0.102\Microsoft.Bcl.AsyncInterfaces.dll', returning.
TpTrace Information: 0 : 16028, 1, 2022/03/28, 09:39:17.475, 5451771771342, vstest.console.dll, AssemblyResolver.OnResolve: Microsoft.Bcl.AsyncInterfaces: Assembly path does not exist: 'C:\Program Files\dotnet\sdk\6.0.102\Microsoft.Bcl.AsyncInterfaces.exe', returning.
TpTrace Information: 0 : 16028, 1, 2022/03/28, 09:39:17.475, 5451771772235, vstest.console.dll, AssemblyResolver.OnResolve: Microsoft.Bcl.AsyncInterfaces: Failed to load assembly.
TpTrace Verbose: 0 : 16028, 1, 2022/03/28, 09:39:17.475, 5451771772705, vstest.console.dll, CurrentDomainAssemblyResolve: Resolving assembly 'Microsoft.Bcl.AsyncInterfaces'.
TpTrace Information: 0 : 16028, 1, 2022/03/28, 09:39:17.475, 5451771773524, vstest.console.dll, AssemblyResolver.OnResolve: Microsoft.Bcl.AsyncInterfaces: Resolving assembly.
TpTrace Information: 0 : 16028, 1, 2022/03/28, 09:39:17.476, 5451771774528, vstest.console.dll, AssemblyResolver.OnResolve: Microsoft.Bcl.AsyncInterfaces: Resolved from cache.
TpTrace Verbose: 0 : 16028, 1, 2022/03/28, 09:39:17.476, 5451771776089, vstest.console.dll, CurrentDomainAssemblyResolve: Resolving assembly 'Microsoft.Bcl.AsyncInterfaces'.
TpTrace Verbose: 0 : 16028, 1, 2022/03/28, 09:39:17.476, 5451771776767, vstest.console.dll, CurrentDomainAssemblyResolve: Failed to resolve assembly 'Microsoft.Bcl.AsyncInterfaces'.
TpTrace Verbose: 0 : 16028, 1, 2022/03/28, 09:39:17.477, 5451771784781, vstest.console.dll, CurrentDomainAssemblyResolve: Failed to resolve assembly 'Microsoft.Bcl.AsyncInterfaces'.
TpTrace Warning: 0 : 16028, 1, 2022/03/28, 09:39:17.493, 5451771949578, vstest.console.dll, TestPluginDiscoverer: Failed to get types from assembly 'Microsoft.Diagnostics.NETCore.Client, Version=0.2.4.21401, Culture=neutral, PublicKeyToken=31bf3856ad364e35'.  Skipping test extension scan for this assembly.  Error: System.Reflection.ReflectionTypeLoadException: Unable to load one or more of the requested types.
Could not load file or assembly 'Microsoft.Bcl.AsyncInterfaces, Version=1.0.0.0, Culture=neutral, PublicKeyToken=cc7b13ffcd2ddd51'. The system cannot find the file specified.
   at System.Reflection.RuntimeModule.GetTypes(RuntimeModule module)
   at System.Reflection.Assembly.GetTypes()
   at Microsoft.VisualStudio.TestPlatform.Common.ExtensionFramework.TestPluginDiscoverer.GetTestExtensionsFromAssembly[TPluginInfo,TExtension](Assembly assembly, Dictionary`2 pluginInfos)
System.IO.FileNotFoundException: Could not load file or assembly 'Microsoft.Bcl.AsyncInterfaces, Version=1.0.0.0, Culture=neutral, PublicKeyToken=cc7b13ffcd2ddd51'. The system cannot find the file specified.
File name: 'Microsoft.Bcl.AsyncInterfaces, Version=1.0.0.0, Culture=neutral, PublicKeyToken=cc7b13ffcd2ddd51'
 ---> System.IO.FileNotFoundException: Could not load file or assembly 'Microsoft.Bcl.AsyncInterfaces, Culture=neutral, PublicKeyToken=null'. The system cannot find the file specified.
File name: 'Microsoft.Bcl.AsyncInterfaces, Culture=neutral, PublicKeyToken=null'
   at System.Reflection.RuntimeAssembly.InternalLoad(ObjectHandleOnStack assemblyName, ObjectHandleOnStack requestingAssembly, StackCrawlMarkHandle stackMark, Boolean throwOnFileNotFound, ObjectHandleOnStack assemblyLoadContext, ObjectHandleOnStack retAssembly)
   at System.Reflection.RuntimeAssembly.InternalLoad(AssemblyName assemblyName, RuntimeAssembly requestingAssembly, StackCrawlMark& stackMark, Boolean throwOnFileNotFound, AssemblyLoadContext assemblyLoadContext)
   at System.Reflection.Assembly.Load(AssemblyName assemblyRef)
   at Microsoft.VisualStudio.TestPlatform.Common.ExtensionFramework.TestPluginCache.CurrentDomainAssemblyResolve(Object sender, AssemblyResolveEventArgs args)
   at Microsoft.VisualStudio.TestPlatform.PlatformAbstractions.PlatformAssemblyResolver.AssemblyResolverEvent(Object sender, Object eventArgs)
   at System.Runtime.Loader.AssemblyLoadContext.GetFirstResolvedAssemblyFromResolvingEvent(AssemblyName assemblyName)
   at System.Runtime.Loader.AssemblyLoadContext.ResolveUsingEvent(AssemblyName assemblyName)
   at System.Runtime.Loader.AssemblyLoadContext.ResolveUsingResolvingEvent(IntPtr gchManagedAssemblyLoadContext, AssemblyName assemblyName)
TpTrace Warning: 0 : 16028, 1, 2022/03/28, 09:39:17.493, 5451771951769, vstest.console.dll, LoaderExceptions: System.IO.FileNotFoundException: Could not load file or assembly 'Microsoft.Bcl.AsyncInterfaces, Version=1.0.0.0, Culture=neutral, PublicKeyToken=cc7b13ffcd2ddd51'. The system cannot find the file specified.
File name: 'Microsoft.Bcl.AsyncInterfaces, Version=1.0.0.0, Culture=neutral, PublicKeyToken=cc7b13ffcd2ddd51'
 ---> System.IO.FileNotFoundException: Could not load file or assembly 'Microsoft.Bcl.AsyncInterfaces, Culture=neutral, PublicKeyToken=null'. The system cannot find the file specified.
File name: 'Microsoft.Bcl.AsyncInterfaces, Culture=neutral, PublicKeyToken=null'
   at System.Reflection.RuntimeAssembly.InternalLoad(ObjectHandleOnStack assemblyName, ObjectHandleOnStack requestingAssembly, StackCrawlMarkHandle stackMark, Boolean throwOnFileNotFound, ObjectHandleOnStack assemblyLoadContext, ObjectHandleOnStack retAssembly)
   at System.Reflection.RuntimeAssembly.InternalLoad(AssemblyName assemblyName, RuntimeAssembly requestingAssembly, StackCrawlMark& stackMark, Boolean throwOnFileNotFound, AssemblyLoadContext assemblyLoadContext)
   at System.Reflection.Assembly.Load(AssemblyName assemblyRef)
   at Microsoft.VisualStudio.TestPlatform.Common.ExtensionFramework.TestPluginCache.CurrentDomainAssemblyResolve(Object sender, AssemblyResolveEventArgs args)
   at Microsoft.VisualStudio.TestPlatform.PlatformAbstractions.PlatformAssemblyResolver.AssemblyResolverEvent(Object sender, Object eventArgs)
   at System.Runtime.Loader.AssemblyLoadContext.GetFirstResolvedAssemblyFromResolvingEvent(AssemblyName assemblyName)
   at System.Runtime.Loader.AssemblyLoadContext.ResolveUsingEvent(AssemblyName assemblyName)
   at System.Runtime.Loader.AssemblyLoadContext.ResolveUsingResolvingEvent(IntPtr gchManagedAssemblyLoadContext, AssemblyName assemblyName)
TpTrace Information: 0 : 16028, 1, 2022/03/28, 09:39:17.493, 5451771952793, vstest.console.dll, AssemblyResolver.OnResolve: Microsoft.TestPlatform.Extensions.BlameDataCollector: Resolving assembly.
TpTrace Information: 0 : 16028, 1, 2022/03/28, 09:39:17.493, 5451771953142, vstest.console.dll, AssemblyResolver.OnResolve: Microsoft.TestPlatform.Extensions.BlameDataCollector: Searching in: 'C:\Program Files\dotnet\sdk\6.0.102\Extensions'.
TpTrace Information: 0 : 16028, 1, 2022/03/28, 09:39:17.494, 5451771959548, vstest.console.dll, AssemblyResolver.OnResolve: Microsoft.TestPlatform.Extensions.BlameDataCollector: Loading assembly 'C:\Program Files\dotnet\sdk\6.0.102\Extensions\Microsoft.TestPlatform.Extensions.BlameDataCollector.dll'.
TpTrace Information: 0 : 16028, 1, 2022/03/28, 09:39:17.495, 5451771967339, vstest.console.dll, AssemblyResolver.OnResolve: Resolved assembly: Microsoft.TestPlatform.Extensions.BlameDataCollector, from path: C:\Program Files\dotnet\sdk\6.0.102\Extensions\Microsoft.TestPlatform.Extensions.BlameDataCollector.dll
TpTrace Information: 0 : 16028, 1, 2022/03/28, 09:39:17.496, 5451771976234, vstest.console.dll, AssemblyResolver.OnResolve: Microsoft.TestPlatform.Extensions.EventLogCollector: Resolving assembly.
TpTrace Information: 0 : 16028, 1, 2022/03/28, 09:39:17.496, 5451771976929, vstest.console.dll, AssemblyResolver.OnResolve: Microsoft.TestPlatform.Extensions.EventLogCollector: Searching in: 'C:\Program Files\dotnet\sdk\6.0.102\Extensions'.
TpTrace Information: 0 : 16028, 1, 2022/03/28, 09:39:17.496, 5451771982049, vstest.console.dll, AssemblyResolver.OnResolve: Microsoft.TestPlatform.Extensions.EventLogCollector: Loading assembly 'C:\Program Files\dotnet\sdk\6.0.102\Extensions\Microsoft.TestPlatform.Extensions.EventLogCollector.dll'.
TpTrace Information: 0 : 16028, 1, 2022/03/28, 09:39:17.497, 5451771988134, vstest.console.dll, AssemblyResolver.OnResolve: Resolved assembly: Microsoft.TestPlatform.Extensions.EventLogCollector, from path: C:\Program Files\dotnet\sdk\6.0.102\Extensions\Microsoft.TestPlatform.Extensions.EventLogCollector.dll
TpTrace Information: 0 : 16028, 1, 2022/03/28, 09:39:17.499, 5451772010402, vstest.console.dll, AssemblyResolver.OnResolve: Microsoft.TestPlatform.TestHostRuntimeProvider: Resolving assembly.
TpTrace Information: 0 : 16028, 1, 2022/03/28, 09:39:17.499, 5451772012195, vstest.console.dll, AssemblyResolver.OnResolve: Microsoft.TestPlatform.TestHostRuntimeProvider: Searching in: 'C:\Program Files\dotnet\sdk\6.0.102\Extensions'.
TpTrace Information: 0 : 16028, 1, 2022/03/28, 09:39:17.500, 5451772017486, vstest.console.dll, AssemblyResolver.OnResolve: Microsoft.TestPlatform.TestHostRuntimeProvider: Loading assembly 'C:\Program Files\dotnet\sdk\6.0.102\Extensions\Microsoft.TestPlatform.TestHostRuntimeProvider.dll'.
TpTrace Information: 0 : 16028, 1, 2022/03/28, 09:39:17.501, 5451772025457, vstest.console.dll, AssemblyResolver.OnResolve: Resolved assembly: Microsoft.TestPlatform.TestHostRuntimeProvider, from path: C:\Program Files\dotnet\sdk\6.0.102\Extensions\Microsoft.TestPlatform.TestHostRuntimeProvider.dll
TpTrace Information: 0 : 16028, 1, 2022/03/28, 09:39:17.503, 5451772046679, vstest.console.dll, AssemblyResolver.OnResolve: Microsoft.VisualStudio.TestPlatform.Extensions.Html.TestLogger: Resolving assembly.
TpTrace Information: 0 : 16028, 1, 2022/03/28, 09:39:17.503, 5451772047384, vstest.console.dll, AssemblyResolver.OnResolve: Microsoft.VisualStudio.TestPlatform.Extensions.Html.TestLogger: Searching in: 'C:\Program Files\dotnet\sdk\6.0.102\Extensions'.
TpTrace Information: 0 : 16028, 1, 2022/03/28, 09:39:17.503, 5451772051930, vstest.console.dll, AssemblyResolver.OnResolve: Microsoft.VisualStudio.TestPlatform.Extensions.Html.TestLogger: Loading assembly 'C:\Program Files\dotnet\sdk\6.0.102\Extensions\Microsoft.VisualStudio.TestPlatform.Extensions.Html.TestLogger.dll'.
TpTrace Information: 0 : 16028, 1, 2022/03/28, 09:39:17.504, 5451772057368, vstest.console.dll, AssemblyResolver.OnResolve: Resolved assembly: Microsoft.VisualStudio.TestPlatform.Extensions.Html.TestLogger, from path: C:\Program Files\dotnet\sdk\6.0.102\Extensions\Microsoft.VisualStudio.TestPlatform.Extensions.Html.TestLogger.dll
TpTrace Information: 0 : 16028, 1, 2022/03/28, 09:39:17.504, 5451772061147, vstest.console.dll, AssemblyResolver.OnResolve: Microsoft.VisualStudio.TestPlatform.Extensions.Trx.TestLogger: Resolving assembly.
TpTrace Information: 0 : 16028, 1, 2022/03/28, 09:39:17.504, 5451772061703, vstest.console.dll, AssemblyResolver.OnResolve: Microsoft.VisualStudio.TestPlatform.Extensions.Trx.TestLogger: Searching in: 'C:\Program Files\dotnet\sdk\6.0.102\Extensions'.
TpTrace Information: 0 : 16028, 1, 2022/03/28, 09:39:17.505, 5451772066788, vstest.console.dll, AssemblyResolver.OnResolve: Microsoft.VisualStudio.TestPlatform.Extensions.Trx.TestLogger: Loading assembly 'C:\Program Files\dotnet\sdk\6.0.102\Extensions\Microsoft.VisualStudio.TestPlatform.Extensions.Trx.TestLogger.dll'.
TpTrace Information: 0 : 16028, 1, 2022/03/28, 09:39:17.505, 5451772072462, vstest.console.dll, AssemblyResolver.OnResolve: Resolved assembly: Microsoft.VisualStudio.TestPlatform.Extensions.Trx.TestLogger, from path: C:\Program Files\dotnet\sdk\6.0.102\Extensions\Microsoft.VisualStudio.TestPlatform.Extensions.Trx.TestLogger.dll
TpTrace Verbose: 0 : 16028, 1, 2022/03/28, 09:39:17.506, 5451772078101, vstest.console.dll, TestPluginCache: Discovered the extensions using extension path ''.
TpTrace Verbose: 0 : 16028, 1, 2022/03/28, 09:39:17.506, 5451772078650, vstest.console.dll, TestPluginCache: Discoverers are ''.
TpTrace Verbose: 0 : 16028, 1, 2022/03/28, 09:39:17.506, 5451772078880, vstest.console.dll, TestPluginCache: Executors are ''.
TpTrace Verbose: 0 : 16028, 1, 2022/03/28, 09:39:17.506, 5451772079097, vstest.console.dll, TestPluginCache: Executors2 are ''.
TpTrace Verbose: 0 : 16028, 1, 2022/03/28, 09:39:17.506, 5451772079308, vstest.console.dll, TestPluginCache: Setting providers are ''.
TpTrace Verbose: 0 : 16028, 1, 2022/03/28, 09:39:17.506, 5451772079571, vstest.console.dll, TestPluginCache: Loggers are ''.
TpTrace Information: 0 : 16028, 1, 2022/03/28, 09:39:17.511, 5451772129035, vstest.console.dll, RunTestsArgumentProcessor:Execute: Test run is starting.
TpTrace Verbose: 0 : 16028, 1, 2022/03/28, 09:39:17.511, 5451772130082, vstest.console.dll, RunTestsArgumentProcessor:Execute: Queuing Test run.
TpTrace Information: 0 : 16028, 1, 2022/03/28, 09:39:17.511, 5451772132075, vstest.console.dll, TestRequestManager.RunTests: run tests started.
TpTrace Information: 0 : 16028, 1, 2022/03/28, 09:39:17.515, 5451772171609, vstest.console.dll, AssemblyMetadataProvider.GetFrameWork: Determined framework:'.NETCoreApp,Version=v5.0' for source: 'C:\Users\hp\source\repos\winform_jason\BankAppTest\bin\Debug\net5.0\fine-code-coverage\build-output\BankAppTest.dll'
TpTrace Information: 0 : 16028, 1, 2022/03/28, 09:39:17.515, 5451772174031, vstest.console.dll, Determined framework for all sources: .NETCoreApp,Version=v5.0
TpTrace Information: 0 : 16028, 1, 2022/03/28, 09:39:17.516, 5451772180665, vstest.console.dll, AssemblyMetadataProvider.GetArchitecture: Determined architecture:AnyCPU info for assembly: C:\Users\hp\source\repos\winform_jason\BankAppTest\bin\Debug\net5.0\fine-code-coverage\build-output\BankAppTest.dll
TpTrace Information: 0 : 16028, 1, 2022/03/28, 09:39:17.518, 5451772202234, vstest.console.dll, Determined platform for all sources: X64
TpTrace Information: 0 : 16028, 1, 2022/03/28, 09:39:17.521, 5451772230363, vstest.console.dll, Compatible sources list : 
TpTrace Information: 0 : 16028, 1, 2022/03/28, 09:39:17.521, 5451772231320, vstest.console.dll, C:\Users\hp\source\repos\winform_jason\BankAppTest\bin\Debug\net5.0\fine-code-coverage\build-output\BankAppTest.dll
TpTrace Information: 0 : 16028, 1, 2022/03/28, 09:39:17.524, 5451772260519, vstest.console.dll, InferRunSettingsHelper.IsTestSettingsEnabled: Unable to navigate to RunSettings/MSTest. Current node: RunSettings
TpTrace Information: 0 : 16028, 1, 2022/03/28, 09:39:17.525, 5451772270204, vstest.console.dll, AssemblyResolver.OnResolve: Microsoft.VisualStudio.TestPlatform.Fakes: Resolving assembly.
TpTrace Information: 0 : 16028, 1, 2022/03/28, 09:39:17.525, 5451772271121, vstest.console.dll, AssemblyResolver.OnResolve: Microsoft.VisualStudio.TestPlatform.Fakes: Searching in: 'C:\Program Files\dotnet\sdk\6.0.102\Extensions'.
TpTrace Information: 0 : 16028, 1, 2022/03/28, 09:39:17.525, 5451772272369, vstest.console.dll, AssemblyResolver.OnResolve: Microsoft.VisualStudio.TestPlatform.Fakes: Assembly path does not exist: 'C:\Program Files\dotnet\sdk\6.0.102\Extensions\Microsoft.VisualStudio.TestPlatform.Fakes.dll', returning.
TpTrace Information: 0 : 16028, 1, 2022/03/28, 09:39:17.525, 5451772272974, vstest.console.dll, AssemblyResolver.OnResolve: Microsoft.VisualStudio.TestPlatform.Fakes: Assembly path does not exist: 'C:\Program Files\dotnet\sdk\6.0.102\Extensions\Microsoft.VisualStudio.TestPlatform.Fakes.exe', returning.
TpTrace Information: 0 : 16028, 1, 2022/03/28, 09:39:17.525, 5451772273228, vstest.console.dll, AssemblyResolver.OnResolve: Microsoft.VisualStudio.TestPlatform.Fakes: Searching in: 'C:\Program Files\dotnet\sdk\6.0.102'.
TpTrace Information: 0 : 16028, 1, 2022/03/28, 09:39:17.526, 5451772274108, vstest.console.dll, AssemblyResolver.OnResolve: Microsoft.VisualStudio.TestPlatform.Fakes: Assembly path does not exist: 'C:\Program Files\dotnet\sdk\6.0.102\Microsoft.VisualStudio.TestPlatform.Fakes.dll', returning.
TpTrace Information: 0 : 16028, 1, 2022/03/28, 09:39:17.526, 5451772274925, vstest.console.dll, AssemblyResolver.OnResolve: Microsoft.VisualStudio.TestPlatform.Fakes: Assembly path does not exist: 'C:\Program Files\dotnet\sdk\6.0.102\Microsoft.VisualStudio.TestPlatform.Fakes.exe', returning.
TpTrace Information: 0 : 16028, 1, 2022/03/28, 09:39:17.526, 5451772275422, vstest.console.dll, AssemblyResolver.OnResolve: Microsoft.VisualStudio.TestPlatform.Fakes: Failed to load assembly.
TpTrace Information: 0 : 16028, 1, 2022/03/28, 09:39:17.526, 5451772279682, vstest.console.dll, Failed to load assembly Microsoft.VisualStudio.TestPlatform.Fakes, Version=17.0.0.0, Culture=neutral. Reason:System.IO.FileNotFoundException: Could not load file or assembly 'Microsoft.VisualStudio.TestPlatform.Fakes, Version=17.0.0.0, Culture=neutral, PublicKeyToken=null'. The system cannot find the file specified.
File name: 'Microsoft.VisualStudio.TestPlatform.Fakes, Version=17.0.0.0, Culture=neutral, PublicKeyToken=null'
   at System.Reflection.RuntimeAssembly.InternalLoad(ObjectHandleOnStack assemblyName, ObjectHandleOnStack requestingAssembly, StackCrawlMarkHandle stackMark, Boolean throwOnFileNotFound, ObjectHandleOnStack assemblyLoadContext, ObjectHandleOnStack retAssembly)
   at System.Reflection.RuntimeAssembly.InternalLoad(AssemblyName assemblyName, RuntimeAssembly requestingAssembly, StackCrawlMark& stackMark, Boolean throwOnFileNotFound, AssemblyLoadContext assemblyLoadContext)
   at System.Reflection.Assembly.Load(AssemblyName assemblyRef)
   at Microsoft.VisualStudio.TestPlatform.Common.Utilities.FakesUtilities.LoadTestPlatformAssembly()
TpTrace Verbose: 0 : 16028, 1, 2022/03/28, 09:39:17.530, 5451772318652, vstest.console.dll, TestPluginCache.DiscoverTestExtensions: finding test extensions in assemblies ends with: TestLogger.dll TPluginInfo: Microsoft.VisualStudio.TestPlatform.Common.ExtensionFramework.Utilities.TestLoggerPluginInformation TExtension: Microsoft.VisualStudio.TestPlatform.ObjectModel.Client.ITestLogger
TpTrace Verbose: 0 : 16028, 1, 2022/03/28, 09:39:17.530, 5451772319802, vstest.console.dll, TestPluginCache.GetExtensionPaths: Filtered extension paths: 
TpTrace Verbose: 0 : 16028, 1, 2022/03/28, 09:39:17.530, 5451772320217, vstest.console.dll, TestPluginCache.GetExtensionPaths: Added default extension paths: C:\Program Files\dotnet\sdk\6.0.102\Extensions\Microsoft.Diagnostics.NETCore.Client.dll
C:\Program Files\dotnet\sdk\6.0.102\Extensions\Microsoft.TestPlatform.Extensions.BlameDataCollector.dll
C:\Program Files\dotnet\sdk\6.0.102\Extensions\Microsoft.TestPlatform.Extensions.EventLogCollector.dll
C:\Program Files\dotnet\sdk\6.0.102\Extensions\Microsoft.TestPlatform.TestHostRuntimeProvider.dll
C:\Program Files\dotnet\sdk\6.0.102\Extensions\Microsoft.VisualStudio.TestPlatform.Extensions.Html.TestLogger.dll
C:\Program Files\dotnet\sdk\6.0.102\Extensions\Microsoft.VisualStudio.TestPlatform.Extensions.Trx.TestLogger.dll
TpTrace Verbose: 0 : 16028, 1, 2022/03/28, 09:39:17.530, 5451772320495, vstest.console.dll, TestPluginCache.GetExtensionPaths: Added unfilterableExtensionPaths: 
TpTrace Information: 0 : 16028, 1, 2022/03/28, 09:39:17.530, 5451772322095, vstest.console.dll, AssemblyResolver.AddSearchDirectories: Adding more searchDirectories C:\Program Files\dotnet\sdk\6.0.102\Extensions,C:\Program Files\dotnet\sdk\6.0.102
TpTrace Verbose: 0 : 16028, 1, 2022/03/28, 09:39:17.530, 5451772322533, vstest.console.dll, TestPluginCache.DiscoverTestExtensions: Discovering the extensions using extension path.
TpTrace Verbose: 0 : 16028, 1, 2022/03/28, 09:39:17.530, 5451772322846, vstest.console.dll, TestPluginCache.GetExtensionPaths: Filtered extension paths: 
TpTrace Verbose: 0 : 16028, 1, 2022/03/28, 09:39:17.530, 5451772323148, vstest.console.dll, TestPluginCache.GetExtensionPaths: Added default extension paths: C:\Program Files\dotnet\sdk\6.0.102\Extensions\Microsoft.Diagnostics.NETCore.Client.dll
C:\Program Files\dotnet\sdk\6.0.102\Extensions\Microsoft.TestPlatform.Extensions.BlameDataCollector.dll
C:\Program Files\dotnet\sdk\6.0.102\Extensions\Microsoft.TestPlatform.Extensions.EventLogCollector.dll
C:\Program Files\dotnet\sdk\6.0.102\Extensions\Microsoft.TestPlatform.TestHostRuntimeProvider.dll
C:\Program Files\dotnet\sdk\6.0.102\Extensions\Microsoft.VisualStudio.TestPlatform.Extensions.Html.TestLogger.dll
C:\Program Files\dotnet\sdk\6.0.102\Extensions\Microsoft.VisualStudio.TestPlatform.Extensions.Trx.TestLogger.dll
TpTrace Verbose: 0 : 16028, 1, 2022/03/28, 09:39:17.530, 5451772323404, vstest.console.dll, TestPluginCache.GetExtensionPaths: Added unfilterableExtensionPaths: 
TpTrace Verbose: 0 : 16028, 1, 2022/03/28, 09:39:17.530, 5451772323724, vstest.console.dll, TestPluginCache.DiscoverTestExtensions: Discovering the extensions using allExtensionPaths: C:\Program Files\dotnet\sdk\6.0.102\Extensions\Microsoft.Diagnostics.NETCore.Client.dll
C:\Program Files\dotnet\sdk\6.0.102\Extensions\Microsoft.TestPlatform.Extensions.BlameDataCollector.dll
C:\Program Files\dotnet\sdk\6.0.102\Extensions\Microsoft.TestPlatform.Extensions.EventLogCollector.dll
C:\Program Files\dotnet\sdk\6.0.102\Extensions\Microsoft.TestPlatform.TestHostRuntimeProvider.dll
C:\Program Files\dotnet\sdk\6.0.102\Extensions\Microsoft.VisualStudio.TestPlatform.Extensions.Html.TestLogger.dll
C:\Program Files\dotnet\sdk\6.0.102\Extensions\Microsoft.VisualStudio.TestPlatform.Extensions.Trx.TestLogger.dll
TpTrace Information: 0 : 16028, 1, 2022/03/28, 09:39:17.531, 5451772324135, vstest.console.dll, AssemblyResolver.AddSearchDirectories: Adding more searchDirectories C:\Program Files\dotnet\sdk\6.0.102\Extensions,C:\Program Files\dotnet\sdk\6.0.102
TpTrace Information: 0 : 16028, 1, 2022/03/28, 09:39:17.531, 5451772324453, vstest.console.dll, AssemblyResolver.AddSearchDirectories: Adding more searchDirectories C:\Program Files\dotnet\sdk\6.0.102\Extensions,C:\Program Files\dotnet\sdk\6.0.102
TpTrace Information: 0 : 16028, 1, 2022/03/28, 09:39:17.531, 5451772324701, vstest.console.dll, AssemblyResolver.AddSearchDirectories: Adding more searchDirectories C:\Program Files\dotnet\sdk\6.0.102\Extensions,C:\Program Files\dotnet\sdk\6.0.102
TpTrace Information: 0 : 16028, 1, 2022/03/28, 09:39:17.531, 5451772324936, vstest.console.dll, AssemblyResolver.AddSearchDirectories: Adding more searchDirectories C:\Program Files\dotnet\sdk\6.0.102\Extensions,C:\Program Files\dotnet\sdk\6.0.102
TpTrace Information: 0 : 16028, 1, 2022/03/28, 09:39:17.531, 5451772325251, vstest.console.dll, AssemblyResolver.AddSearchDirectories: Adding more searchDirectories C:\Program Files\dotnet\sdk\6.0.102\Extensions,C:\Program Files\dotnet\sdk\6.0.102
TpTrace Information: 0 : 16028, 1, 2022/03/28, 09:39:17.531, 5451772325497, vstest.console.dll, AssemblyResolver.AddSearchDirectories: Adding more searchDirectories C:\Program Files\dotnet\sdk\6.0.102\Extensions,C:\Program Files\dotnet\sdk\6.0.102
TpTrace Information: 0 : 16028, 1, 2022/03/28, 09:39:17.531, 5451772327936, vstest.console.dll, AssemblyResolver.OnResolve: Microsoft.Bcl.AsyncInterfaces: Resolving assembly.
TpTrace Information: 0 : 16028, 1, 2022/03/28, 09:39:17.531, 5451772328374, vstest.console.dll, AssemblyResolver.OnResolve: Microsoft.Bcl.AsyncInterfaces: Resolved from cache.
TpTrace Verbose: 0 : 16028, 1, 2022/03/28, 09:39:17.531, 5451772328678, vstest.console.dll, CurrentDomainAssemblyResolve: Resolving assembly 'Microsoft.Bcl.AsyncInterfaces'.
TpTrace Information: 0 : 16028, 1, 2022/03/28, 09:39:17.531, 5451772329063, vstest.console.dll, AssemblyResolver.OnResolve: Microsoft.Bcl.AsyncInterfaces: Resolving assembly.
TpTrace Information: 0 : 16028, 1, 2022/03/28, 09:39:17.531, 5451772329298, vstest.console.dll, AssemblyResolver.OnResolve: Microsoft.Bcl.AsyncInterfaces: Resolved from cache.
TpTrace Verbose: 0 : 16028, 1, 2022/03/28, 09:39:17.531, 5451772329538, vstest.console.dll, CurrentDomainAssemblyResolve: Resolving assembly 'Microsoft.Bcl.AsyncInterfaces'.
TpTrace Verbose: 0 : 16028, 1, 2022/03/28, 09:39:17.531, 5451772329804, vstest.console.dll, CurrentDomainAssemblyResolve: Failed to resolve assembly 'Microsoft.Bcl.AsyncInterfaces'.
TpTrace Verbose: 0 : 16028, 1, 2022/03/28, 09:39:17.531, 5451772331237, vstest.console.dll, CurrentDomainAssemblyResolve: Failed to resolve assembly 'Microsoft.Bcl.AsyncInterfaces'.
TpTrace Warning: 0 : 16028, 1, 2022/03/28, 09:39:17.532, 5451772335867, vstest.console.dll, TestPluginDiscoverer: Failed to get types from assembly 'Microsoft.Diagnostics.NETCore.Client, Version=0.2.4.21401, Culture=neutral, PublicKeyToken=31bf3856ad364e35'.  Skipping test extension scan for this assembly.  Error: System.Reflection.ReflectionTypeLoadException: Unable to load one or more of the requested types.
Could not load file or assembly 'Microsoft.Bcl.AsyncInterfaces, Version=1.0.0.0, Culture=neutral, PublicKeyToken=cc7b13ffcd2ddd51'. The system cannot find the file specified.
   at System.Reflection.RuntimeModule.GetTypes(RuntimeModule module)
   at System.Reflection.Assembly.GetTypes()
   at Microsoft.VisualStudio.TestPlatform.Common.ExtensionFramework.TestPluginDiscoverer.GetTestExtensionsFromAssembly[TPluginInfo,TExtension](Assembly assembly, Dictionary`2 pluginInfos)
System.IO.FileNotFoundException: Could not load file or assembly 'Microsoft.Bcl.AsyncInterfaces, Version=1.0.0.0, Culture=neutral, PublicKeyToken=cc7b13ffcd2ddd51'. The system cannot find the file specified.
File name: 'Microsoft.Bcl.AsyncInterfaces, Version=1.0.0.0, Culture=neutral, PublicKeyToken=cc7b13ffcd2ddd51'
 ---> System.IO.FileNotFoundException: Could not load file or assembly 'Microsoft.Bcl.AsyncInterfaces, Culture=neutral, PublicKeyToken=null'. The system cannot find the file specified.
File name: 'Microsoft.Bcl.AsyncInterfaces, Culture=neutral, PublicKeyToken=null'
   at System.Reflection.RuntimeAssembly.InternalLoad(ObjectHandleOnStack assemblyName, ObjectHandleOnStack requestingAssembly, StackCrawlMarkHandle stackMark, Boolean throwOnFileNotFound, ObjectHandleOnStack assemblyLoadContext, ObjectHandleOnStack retAssembly)
   at System.Reflection.RuntimeAssembly.InternalLoad(AssemblyName assemblyName, RuntimeAssembly requestingAssembly, StackCrawlMark& stackMark, Boolean throwOnFileNotFound, AssemblyLoadContext assemblyLoadContext)
   at System.Reflection.Assembly.Load(AssemblyName assemblyRef)
   at Microsoft.VisualStudio.TestPlatform.Common.ExtensionFramework.TestPluginCache.CurrentDomainAssemblyResolve(Object sender, AssemblyResolveEventArgs args)
   at Microsoft.VisualStudio.TestPlatform.PlatformAbstractions.PlatformAssemblyResolver.AssemblyResolverEvent(Object sender, Object eventArgs)
   at System.Runtime.Loader.AssemblyLoadContext.GetFirstResolvedAssemblyFromResolvingEvent(AssemblyName assemblyName)
   at System.Runtime.Loader.AssemblyLoadContext.ResolveUsingEvent(AssemblyName assemblyName)
   at System.Runtime.Loader.AssemblyLoadContext.ResolveUsingResolvingEvent(IntPtr gchManagedAssemblyLoadContext, AssemblyName assemblyName)
TpTrace Warning: 0 : 16028, 1, 2022/03/28, 09:39:17.532, 5451772338337, vstest.console.dll, LoaderExceptions: System.IO.FileNotFoundException: Could not load file or assembly 'Microsoft.Bcl.AsyncInterfaces, Version=1.0.0.0, Culture=neutral, PublicKeyToken=cc7b13ffcd2ddd51'. The system cannot find the file specified.
File name: 'Microsoft.Bcl.AsyncInterfaces, Version=1.0.0.0, Culture=neutral, PublicKeyToken=cc7b13ffcd2ddd51'
 ---> System.IO.FileNotFoundException: Could not load file or assembly 'Microsoft.Bcl.AsyncInterfaces, Culture=neutral, PublicKeyToken=null'. The system cannot find the file specified.
File name: 'Microsoft.Bcl.AsyncInterfaces, Culture=neutral, PublicKeyToken=null'
   at System.Reflection.RuntimeAssembly.InternalLoad(ObjectHandleOnStack assemblyName, ObjectHandleOnStack requestingAssembly, StackCrawlMarkHandle stackMark, Boolean throwOnFileNotFound, ObjectHandleOnStack assemblyLoadContext, ObjectHandleOnStack retAssembly)
   at System.Reflection.RuntimeAssembly.InternalLoad(AssemblyName assemblyName, RuntimeAssembly requestingAssembly, StackCrawlMark& stackMark, Boolean throwOnFileNotFound, AssemblyLoadContext assemblyLoadContext)
   at System.Reflection.Assembly.Load(AssemblyName assemblyRef)
   at Microsoft.VisualStudio.TestPlatform.Common.ExtensionFramework.TestPluginCache.CurrentDomainAssemblyResolve(Object sender, AssemblyResolveEventArgs args)
   at Microsoft.VisualStudio.TestPlatform.PlatformAbstractions.PlatformAssemblyResolver.AssemblyResolverEvent(Object sender, Object eventArgs)
   at System.Runtime.Loader.AssemblyLoadContext.GetFirstResolvedAssemblyFromResolvingEvent(AssemblyName assemblyName)
   at System.Runtime.Loader.AssemblyLoadContext.ResolveUsingEvent(AssemblyName assemblyName)
   at System.Runtime.Loader.AssemblyLoadContext.ResolveUsingResolvingEvent(IntPtr gchManagedAssemblyLoadContext, AssemblyName assemblyName)
TpTrace Verbose: 0 : 16028, 1, 2022/03/28, 09:39:17.533, 5451772344773, vstest.console.dll, TestPluginCache: Discovered the extensions using extension path ''.
TpTrace Verbose: 0 : 16028, 1, 2022/03/28, 09:39:17.533, 5451772346249, vstest.console.dll, TestPluginCache: Discoverers are ''.
TpTrace Verbose: 0 : 16028, 1, 2022/03/28, 09:39:17.533, 5451772346586, vstest.console.dll, TestPluginCache: Executors are ''.
TpTrace Verbose: 0 : 16028, 1, 2022/03/28, 09:39:17.533, 5451772346808, vstest.console.dll, TestPluginCache: Executors2 are ''.
TpTrace Verbose: 0 : 16028, 1, 2022/03/28, 09:39:17.533, 5451772347029, vstest.console.dll, TestPluginCache: Setting providers are ''.
TpTrace Verbose: 0 : 16028, 1, 2022/03/28, 09:39:17.533, 5451772347781, vstest.console.dll, TestPluginCache: Loggers are 'logger://Microsoft/TestPlatform/Extensions/Blame/v1,logger://Microsoft/TestPlatform/HtmlLogger/v1,logger://Microsoft/TestPlatform/TrxLogger/v1'.
TpTrace Information: 0 : 16028, 1, 2022/03/28, 09:39:17.534, 5451772360382, vstest.console.dll, TestPluginManager.CreateTestExtension: Attempting to load test extension: Microsoft.TestPlatform.Extensions.BlameDataCollector.BlameLogger
TpTrace Information: 0 : 16028, 1, 2022/03/28, 09:39:17.542, 5451772436812, vstest.console.dll, TestPluginManager.CreateTestExtension: Attempting to load test extension: Microsoft.VisualStudio.TestPlatform.CrossPlatEngine.Hosting.DefaultTestHostManager
TpTrace Information: 0 : 16028, 1, 2022/03/28, 09:39:17.542, 5451772439945, vstest.console.dll, TestPluginManager.CreateTestExtension: Attempting to load test extension: Microsoft.VisualStudio.TestPlatform.CrossPlatEngine.Hosting.DotnetTestHostManager
TpTrace Verbose: 0 : 16028, 1, 2022/03/28, 09:39:17.543, 5451772445180, vstest.console.dll, TestEngine: Initializing Parallel Execution as MaxCpuCount is set to: 1
TpTrace Information: 0 : 16028, 1, 2022/03/28, 09:39:17.543, 5451772451069, vstest.console.dll, InferRunSettingsHelper.IsTestSettingsEnabled: Unable to navigate to RunSettings/MSTest. Current node: RunSettings
TpTrace Verbose: 0 : 16028, 1, 2022/03/28, 09:39:17.559, 5451772613531, vstest.console.dll, TestRequestSender is acting as server
TpTrace Verbose: 0 : 16028, 5, 2022/03/28, 09:39:17.564, 5451772657766, vstest.console.dll, DataCollectionRequestSender.InitializeCommunication : Initialize communication. 
TpTrace Information: 0 : 16028, 5, 2022/03/28, 09:39:17.572, 5451772739178, vstest.console.dll, Listening on Endpoint : 127.0.0.1:61922
TpTrace Verbose: 0 : 16028, 5, 2022/03/28, 09:39:17.583, 5451772851100, vstest.console.dll, DotnetDataCollectionLauncher: Full path of dotnet.exe is C:\Program Files\dotnet\dotnet.exe
TpTrace Verbose: 0 : 16028, 5, 2022/03/28, 09:39:17.583, 5451772852911, vstest.console.dll, DotnetDataCollectionLauncher: Adding  --runtimeconfig "C:\Program Files\dotnet\sdk\6.0.102\datacollector.runtimeconfig.json" in args
TpTrace Verbose: 0 : 16028, 5, 2022/03/28, 09:39:17.583, 5451772853661, vstest.console.dll, DotnetDataCollectionLauncher: Adding  --depsfile "C:\Program Files\dotnet\sdk\6.0.102\datacollector.deps.json" in args
TpTrace Information: 0 : 16028, 5, 2022/03/28, 09:39:17.593, 5451772952267, vstest.console.dll, ProxyDataCollectionManager.Initialize: Launched datacollector processId: 65512 port: 61922
TpTrace Information: 0 : 16028, 5, 2022/03/28, 09:39:17.594, 5451772954819, vstest.console.dll, ProxyDataCollectionManager.Initialize: waiting for connection with timeout: 90 seconds
TpTrace Verbose: 0 : 16028, 5, 2022/03/28, 09:39:17.594, 5451772955664, vstest.console.dll, DataCollectionRequestSender.WaitForRequestHandlerConnection : Waiting for connection with timeout: 90000
TpTrace Information: 0 : 16028, 8, 2022/03/28, 09:39:17.753, 5451774552530, vstest.console.dll, Using the buffer size of 16384 bytes
TpTrace Verbose: 0 : 16028, 5, 2022/03/28, 09:39:17.753, 5451774553357, vstest.console.dll, ProxyDataCollectionManager.InvokeDataCollectionServiceAction: Starting.
TpTrace Information: 0 : 16028, 8, 2022/03/28, 09:39:17.754, 5451774554323, vstest.console.dll, Accepted Client request and set the flag
TpTrace Information: 0 : 16028, 5, 2022/03/28, 09:39:17.754, 5451774555555, vstest.console.dll, ProxyDataCollectionManager.BeforeTestRunStart: Get environment variable and port for datacollector processId: 65512 port: 61922
TpTrace Verbose: 0 : 16028, 5, 2022/03/28, 09:39:17.754, 5451774559358, vstest.console.dll, DataCollectionRequestSender.SendBeforeTestRunStartAndGetResult : Send BeforeTestRunStart message with settingsXml <RunSettings><RunConfiguration><ResultsDirectory>C:\Users\hp\source\repos\winform_jason\BankAppTest\bin\Debug\net5.0\fine-code-coverage\coverage-tool-output</ResultsDirectory><TargetPlatform>X64</TargetPlatform><TargetFrameworkVersion>.NETCoreApp,Version=v5.0</TargetFrameworkVersion><DesignMode>False</DesignMode><CollectSourceInformation>False</CollectSourceInformation><TestAdaptersPaths>C:\Program Files\dotnet\sdk\6.0.102\Extensions</TestAdaptersPaths></RunConfiguration><LoggerRunSettings><Loggers><Logger friendlyName="blame" enabled="True" /><Logger friendlyName="Console" uri="logger://microsoft/TestPlatform/ConsoleLogger/v1" assemblyQualifiedName="Microsoft.VisualStudio.TestPlatform.CommandLine.Internal.ConsoleLogger, vstest.console, Version=15.0.0.0, Culture=neutral, PublicKeyToken=b03f5f7f11d50a3a" codeBase="C:\Program Files\dotnet\sdk\6.0.102\vstest.console.dll" enabled="True" /></Loggers></LoggerRunSettings><DataCollectionRunSettings><DataCollectors><DataCollector friendlyName="blame" enabled="True"><Configuration><ResultsDirectory>C:\Users\hp\source\repos\winform_jason\BankAppTest\bin\Debug\net5.0\fine-code-coverage\coverage-tool-output</ResultsDirectory></Configuration></DataCollector></DataCollectors></DataCollectionRunSettings></RunSettings> and sources System.Linq.Enumerable+Concat2Iterator`1[System.String]: 
TpTrace Verbose: 0 : 16028, 5, 2022/03/28, 09:39:17.846, 5451775476772, vstest.console.dll, DataCollectionRequestSender.SendBeforeTestRunStartAndGetResult : Received message: (DataCollection.SendMessage) -> {
  "FriendlyName": null,
  "Uri": null,
  "TestCaseId": "00000000-0000-0000-0000-000000000000",
  "Message": "Logging DataCollector Diagnostics in file: C:\\Users\\hp\\source\\repos\\winform_jason\\BankAppTest\\bin\\Debug\\net5.0\\fine-code-coverage\\coverage-tool-output\\diagnostics.datacollector.22-03-28_09-39-17_57974_5.log",
  "Level": 0
}
TpTrace Verbose: 0 : 16028, 5, 2022/03/28, 09:39:17.941, 5451776430108, vstest.console.dll, DataCollectionRequestSender.SendBeforeTestRunStartAndGetResult : Received message: (DataCollection.BeforeTestRunStartResult) -> {
  "EnvironmentVariables": {},
  "DataCollectionEventsPort": 61924
}
TpTrace Information: 0 : 16028, 5, 2022/03/28, 09:39:17.950, 5451776517360, vstest.console.dll, ProxyDataCollectionManager.BeforeTestRunStart: SendBeforeTestRunStartAndGetResult successful, env variable from datacollector:   and testhost port: 61924
TpTrace Information: 0 : 16028, 5, 2022/03/28, 09:39:17.950, 5451776518826, vstest.console.dll, ProxyDataCollectionManager.InvokeDataCollectionServiceAction: Completed.
TpTrace Verbose: 0 : 16028, 1, 2022/03/28, 09:39:17.950, 5451776520768, vstest.console.dll, TestRunRequest.ExecuteAsync: Creating test run request.
TpTrace Verbose: 0 : 16028, 1, 2022/03/28, 09:39:17.951, 5451776524560, vstest.console.dll, TestRunRequest.ExecuteAsync: Starting.
TpTrace Information: 0 : 16028, 1, 2022/03/28, 09:39:17.951, 5451776528417, vstest.console.dll, TestRunRequest.ExecuteAsync: Starting run with settings:TestRunCriteria:
   KeepAlive=False,FrequencyOfRunStatsChangeEvent=10,RunStatsChangeEventTimeout=00:00:01.5000000,TestCaseFilter=,TestExecutorLauncher=
   Settingsxml=<RunSettings>
  <RunConfiguration>
    <ResultsDirectory>C:\Users\hp\source\repos\winform_jason\BankAppTest\bin\Debug\net5.0\fine-code-coverage\coverage-tool-output</ResultsDirectory>
    <TargetPlatform>X64</TargetPlatform>
    <TargetFrameworkVersion>.NETCoreApp,Version=v5.0</TargetFrameworkVersion>
    <DesignMode>False</DesignMode>
    <CollectSourceInformation>False</CollectSourceInformation>
  </RunConfiguration>
  <LoggerRunSettings>
    <Loggers>
      <Logger friendlyName="blame" enabled="True" />
      <Logger friendlyName="Console" uri="logger://microsoft/TestPlatform/ConsoleLogger/v1" assemblyQualifiedName="Microsoft.VisualStudio.TestPlatform.CommandLine.Internal.ConsoleLogger, vstest.console, Version=15.0.0.0, Culture=neutral, PublicKeyToken=b03f5f7f11d50a3a" codeBase="C:\Program Files\dotnet\sdk\6.0.102\vstest.console.dll" enabled="True" />
    </Loggers>
  </LoggerRunSettings>
  <DataCollectionRunSettings>
    <DataCollectors>
      <DataCollector friendlyName="blame" enabled="True">
        <Configuration>
          <ResultsDirectory>C:\Users\hp\source\repos\winform_jason\BankAppTest\bin\Debug\net5.0\fine-code-coverage\coverage-tool-output</ResultsDirectory>
        </Configuration>
      </DataCollector>
    </DataCollectors>
  </DataCollectionRunSettings>
</RunSettings>

TpTrace Verbose: 0 : 16028, 1, 2022/03/28, 09:39:17.951, 5451776529117, vstest.console.dll, TestRunRequest.ExecuteAsync: Wait for the first run request is over.
TpTrace Verbose: 0 : 16028, 1, 2022/03/28, 09:39:17.952, 5451776534289, vstest.console.dll, ParallelProxyExecutionManager: Start execution. Total sources: 1
TpTrace Information: 0 : 16028, 1, 2022/03/28, 09:39:17.952, 5451776540755, vstest.console.dll, ProxyParallelExecutionManager: Triggering test run for next source: C:\Users\hp\source\repos\winform_jason\BankAppTest\bin\Debug\net5.0\fine-code-coverage\build-output\BankAppTest.dll
TpTrace Verbose: 0 : 16028, 5, 2022/03/28, 09:39:17.952, 5451776542539, vstest.console.dll, ParallelProxyExecutionManager: Execution started. Started clients: 1
TpTrace Verbose: 0 : 16028, 1, 2022/03/28, 09:39:17.952, 5451776542962, vstest.console.dll, ProxyParallelExecutionManager: No sources available for execution.
TpTrace Information: 0 : 16028, 1, 2022/03/28, 09:39:17.952, 5451776543728, vstest.console.dll, TestRunRequest.ExecuteAsync: Started.
TpTrace Verbose: 0 : 16028, 1, 2022/03/28, 09:39:17.953, 5451776544502, vstest.console.dll, TestRunRequest.WaitForCompletion: Waiting with timeout -1.
TpTrace Verbose: 0 : 16028, 5, 2022/03/28, 09:39:17.953, 5451776546536, vstest.console.dll, TestRunRequest:SendTestRunMessage: Starting.
TpTrace Information: 0 : 16028, 5, 2022/03/28, 09:39:17.953, 5451776548067, vstest.console.dll, TestRunRequest:SendTestRunMessage: Completed.
TpTrace Verbose: 0 : 16028, 5, 2022/03/28, 09:39:17.953, 5451776550340, vstest.console.dll, ProxyExecutionManager: Test host is always Lazy initialize.
TpTrace Verbose: 0 : 16028, 5, 2022/03/28, 09:39:17.954, 5451776554441, vstest.console.dll, TestRequestSender.InitializeCommunication: initialize communication. 
TpTrace Information: 0 : 16028, 5, 2022/03/28, 09:39:17.954, 5451776561842, vstest.console.dll, SocketServer.Start: Listening on endpoint : 127.0.0.1:61925
TpTrace Verbose: 0 : 16028, 5, 2022/03/28, 09:39:17.955, 5451776571109, vstest.console.dll, DotnetTestHostmanager: Adding  --runtimeconfig "C:\Users\hp\source\repos\winform_jason\BankAppTest\bin\Debug\net5.0\fine-code-coverage\build-output\BankAppTest.runtimeconfig.json" in args
TpTrace Verbose: 0 : 16028, 5, 2022/03/28, 09:39:17.955, 5451776572173, vstest.console.dll, DotnetTestHostmanager: Adding  --depsfile "C:\Users\hp\source\repos\winform_jason\BankAppTest\bin\Debug\net5.0\fine-code-coverage\build-output\BankAppTest.deps.json" in args
TpTrace Verbose: 0 : 16028, 5, 2022/03/28, 09:39:17.956, 5451776574667, vstest.console.dll, DotnetTestHostManager: Testhost.exe/testhost.x86.exe found at path: C:\Users\hp\source\repos\winform_jason\BankAppTest\bin\Debug\net5.0\fine-code-coverage\build-output\testhost.exe
TpTrace Verbose: 0 : 16028, 5, 2022/03/28, 09:39:17.956, 5451776575462, vstest.console.dll, DotnetTestHostmanager: Full path of host exe is C:\Users\hp\source\repos\winform_jason\BankAppTest\bin\Debug\net5.0\fine-code-coverage\build-output\testhost.exe
TpTrace Verbose: 0 : 16028, 7, 2022/03/28, 09:39:17.957, 5451776587701, vstest.console.dll, DotnetTestHostManager: Starting process 'C:\Users\hp\source\repos\winform_jason\BankAppTest\bin\Debug\net5.0\fine-code-coverage\build-output\testhost.exe' with command line ' --runtimeconfig "C:\Users\hp\source\repos\winform_jason\BankAppTest\bin\Debug\net5.0\fine-code-coverage\build-output\BankAppTest.runtimeconfig.json" --depsfile "C:\Users\hp\source\repos\winform_jason\BankAppTest\bin\Debug\net5.0\fine-code-coverage\build-output\BankAppTest.deps.json" --port 61925 --endpoint 127.0.0.1:061925 --role client --parentprocessid 16028 --diag "C:\Users\hp\source\repos\winform_jason\BankAppTest\bin\Debug\net5.0\fine-code-coverage\coverage-tool-output\diagnostics.host.22-03-28_09-39-17_95525_5.log" --tracelevel 4 --datacollectionport 61924 --telemetryoptedin false'
TpTrace Verbose: 0 : 16028, 7, 2022/03/28, 09:39:17.963, 5451776649584, vstest.console.dll, Test Runtime launched
TpTrace Verbose: 0 : 16028, 5, 2022/03/28, 09:39:17.964, 5451776657880, vstest.console.dll, TestRequestSender.WaitForRequestHandlerConnection: waiting for connection with timeout: 90000
TpTrace Verbose: 0 : 16028, 7, 2022/03/28, 09:39:18.191, 5451778927865, vstest.console.dll, SocketServer.OnClientConnected: Client connected for endPoint: 127.0.0.1:61925, starting MessageLoopAsync:
TpTrace Verbose: 0 : 16028, 14, 2022/03/28, 09:39:18.191, 5451778931462, vstest.console.dll, TcpClientExtensions.MessageLoopAsync: Polling on remoteEndPoint: 127.0.0.1:61926 localEndPoint: 127.0.0.1:61925
TpTrace Verbose: 0 : 16028, 14, 2022/03/28, 09:39:18.357, 5451780592231, vstest.console.dll, TcpClientExtensions.MessageLoopAsync: NotifyDataAvailable remoteEndPoint: 127.0.0.1:61926 localEndPoint: 127.0.0.1:61925
TpTrace Verbose: 0 : 16028, 14, 2022/03/28, 09:39:18.358, 5451780595130, vstest.console.dll, TestRequestSender.CheckVersionWithTestHost: onMessageReceived received message: (ProtocolVersion) -> 5
TpTrace Verbose: 0 : 16028, 14, 2022/03/28, 09:39:18.358, 5451780599278, vstest.console.dll, TcpClientExtensions.MessageLoopAsync: Polling on remoteEndPoint: 127.0.0.1:61926 localEndPoint: 127.0.0.1:61925
TpTrace Verbose: 0 : 16028, 5, 2022/03/28, 09:39:18.358, 5451780600631, vstest.console.dll, TestPluginCache.GetExtensionPaths: Filtered extension paths: 
TpTrace Verbose: 0 : 16028, 5, 2022/03/28, 09:39:18.358, 5451780601526, vstest.console.dll, TestPluginCache.GetExtensionPaths: Added default extension paths: C:\Program Files\dotnet\sdk\6.0.102\Extensions\Microsoft.Diagnostics.NETCore.Client.dll
C:\Program Files\dotnet\sdk\6.0.102\Extensions\Microsoft.TestPlatform.Extensions.BlameDataCollector.dll
C:\Program Files\dotnet\sdk\6.0.102\Extensions\Microsoft.TestPlatform.Extensions.EventLogCollector.dll
C:\Program Files\dotnet\sdk\6.0.102\Extensions\Microsoft.TestPlatform.TestHostRuntimeProvider.dll
C:\Program Files\dotnet\sdk\6.0.102\Extensions\Microsoft.VisualStudio.TestPlatform.Extensions.Html.TestLogger.dll
C:\Program Files\dotnet\sdk\6.0.102\Extensions\Microsoft.VisualStudio.TestPlatform.Extensions.Trx.TestLogger.dll
TpTrace Verbose: 0 : 16028, 5, 2022/03/28, 09:39:18.358, 5451780601793, vstest.console.dll, TestPluginCache.GetExtensionPaths: Added unfilterableExtensionPaths: 
TpTrace Verbose: 0 : 16028, 5, 2022/03/28, 09:39:18.361, 5451780633944, vstest.console.dll, TestRequestSender.InitializeExecution: Sending initializing execution with message: {"Version":5,"MessageType":"TestExecution.Initialize","Payload":["C:\\Users\\hp\\source\\repos\\winform_jason\\BankAppTest\\bin\\Debug\\net5.0\\fine-code-coverage\\build-output\\xunit.runner.visualstudio.dotnetcore.testadapter.dll"]}
TpTrace Verbose: 0 : 16028, 14, 2022/03/28, 09:39:18.369, 5451780708450, vstest.console.dll, TcpClientExtensions.MessageLoopAsync: NotifyDataAvailable remoteEndPoint: 127.0.0.1:61926 localEndPoint: 127.0.0.1:61925
TpTrace Verbose: 0 : 16028, 14, 2022/03/28, 09:39:18.369, 5451780710304, vstest.console.dll, TestRequestSender.OnExecutionMessageReceived: Received message: {"Version":5,"MessageType":"TestSession.Message","Payload":{"MessageLevel":0,"Message":"Logging TestHost Diagnostics in file: C:\\Users\\hp\\source\\repos\\winform_jason\\BankAppTest\\bin\\Debug\\net5.0\\fine-code-coverage\\coverage-tool-output\\diagnostics.host.22-03-28_09-39-17_95525_5.log"}}
TpTrace Verbose: 0 : 16028, 5, 2022/03/28, 09:39:18.370, 5451780714709, vstest.console.dll, TestRequestSender.StartTestRun: Sending test run with message: {"Version":5,"MessageType":"TestExecution.StartWithSources","Payload":{"AdapterSourceMap":{"_none_":["C:\\Users\\hp\\source\\repos\\winform_jason\\BankAppTest\\bin\\Debug\\net5.0\\fine-code-coverage\\build-output\\BankAppTest.dll"]},"RunSettings":"<RunSettings>\r\n  <RunConfiguration>\r\n    <ResultsDirectory>C:\\Users\\hp\\source\\repos\\winform_jason\\BankAppTest\\bin\\Debug\\net5.0\\fine-code-coverage\\coverage-tool-output</ResultsDirectory>\r\n    <TargetPlatform>X64</TargetPlatform>\r\n    <TargetFrameworkVersion>.NETCoreApp,Version=v5.0</TargetFrameworkVersion>\r\n    <DesignMode>False</DesignMode>\r\n    <CollectSourceInformation>False</CollectSourceInformation>\r\n  </RunConfiguration>\r\n  <LoggerRunSettings>\r\n    <Loggers>\r\n      <Logger friendlyName=\"blame\" enabled=\"True\" />\r\n      <Logger friendlyName=\"Console\" uri=\"logger://microsoft/TestPlatform/ConsoleLogger/v1\" assemblyQualifiedName=\"Microsoft.VisualStudio.TestPlatform.CommandLine.Internal.ConsoleLogger, vstest.console, Version=15.0.0.0, Culture=neutral, PublicKeyToken=b03f5f7f11d50a3a\" codeBase=\"C:\\Program Files\\dotnet\\sdk\\6.0.102\\vstest.console.dll\" enabled=\"True\" />\r\n    </Loggers>\r\n  </LoggerRunSettings>\r\n  <DataCollectionRunSettings>\r\n    <DataCollectors>\r\n      <DataCollector friendlyName=\"blame\" enabled=\"True\">\r\n        <Configuration>\r\n          <ResultsDirectory>C:\\Users\\hp\\source\\repos\\winform_jason\\BankAppTest\\bin\\Debug\\net5.0\\fine-code-coverage\\coverage-tool-output</ResultsDirectory>\r\n        </Configuration>\r\n      </DataCollector>\r\n    </DataCollectors>\r\n  </DataCollectionRunSettings>\r\n</RunSettings>","TestExecutionContext":{"FrequencyOfRunStatsChangeEvent":10,"RunStatsChangeEventTimeout":"00:00:01.5000000","InIsolation":false,"KeepAlive":false,"AreTestCaseLevelEventsRequired":false,"IsDebug":false,"TestCaseFilter":null,"FilterOptions":null},"Package":null}}
TpTrace Verbose: 0 : 16028, 14, 2022/03/28, 09:39:18.390, 5451780919155, vstest.console.dll, TestRunRequest:SendTestRunMessage: Starting.
TpTrace Information: 0 : 16028, 14, 2022/03/28, 09:39:18.390, 5451780921143, vstest.console.dll, TestRunRequest:SendTestRunMessage: Completed.
TpTrace Verbose: 0 : 16028, 14, 2022/03/28, 09:39:18.390, 5451780921971, vstest.console.dll, TcpClientExtensions.MessageLoopAsync: Polling on remoteEndPoint: 127.0.0.1:61926 localEndPoint: 127.0.0.1:61925
TpTrace Verbose: 0 : 16028, 14, 2022/03/28, 09:39:18.547, 5451782484704, vstest.console.dll, TcpClientExtensions.MessageLoopAsync: NotifyDataAvailable remoteEndPoint: 127.0.0.1:61926 localEndPoint: 127.0.0.1:61925
TpTrace Verbose: 0 : 16028, 14, 2022/03/28, 09:39:18.547, 5451782486264, vstest.console.dll, TestRequestSender.OnExecutionMessageReceived: Received message: {"Version":5,"MessageType":"TestSession.Message","Payload":{"MessageLevel":0,"Message":"[xUnit.net 00:00:00.00] xUnit.net VSTest Adapter v2.4.3+1b45f5407b (64-bit .NET 5.0.14)"}}
TpTrace Verbose: 0 : 16028, 14, 2022/03/28, 09:39:18.547, 5451782488717, vstest.console.dll, TestRunRequest:SendTestRunMessage: Starting.
TpTrace Information: 0 : 16028, 14, 2022/03/28, 09:39:18.547, 5451782489384, vstest.console.dll, TestRunRequest:SendTestRunMessage: Completed.
TpTrace Verbose: 0 : 16028, 14, 2022/03/28, 09:39:18.547, 5451782489734, vstest.console.dll, TcpClientExtensions.MessageLoopAsync: Polling on remoteEndPoint: 127.0.0.1:61926 localEndPoint: 127.0.0.1:61925
TpTrace Verbose: 0 : 16028, 14, 2022/03/28, 09:39:19.036, 5451787377679, vstest.console.dll, TcpClientExtensions.MessageLoopAsync: NotifyDataAvailable remoteEndPoint: 127.0.0.1:61926 localEndPoint: 127.0.0.1:61925
TpTrace Verbose: 0 : 16028, 14, 2022/03/28, 09:39:19.036, 5451787379245, vstest.console.dll, TestRequestSender.OnExecutionMessageReceived: Received message: {"Version":5,"MessageType":"TestSession.Message","Payload":{"MessageLevel":0,"Message":"[xUnit.net 00:00:00.50]   Discovering: BankAppTest"}}
TpTrace Verbose: 0 : 16028, 14, 2022/03/28, 09:39:19.036, 5451787381413, vstest.console.dll, TestRunRequest:SendTestRunMessage: Starting.
TpTrace Information: 0 : 16028, 14, 2022/03/28, 09:39:19.036, 5451787381990, vstest.console.dll, TestRunRequest:SendTestRunMessage: Completed.
TpTrace Verbose: 0 : 16028, 14, 2022/03/28, 09:39:19.036, 5451787382259, vstest.console.dll, TcpClientExtensions.MessageLoopAsync: Polling on remoteEndPoint: 127.0.0.1:61926 localEndPoint: 127.0.0.1:61925
TpTrace Verbose: 0 : 16028, 14, 2022/03/28, 09:39:19.107, 5451788087252, vstest.console.dll, TcpClientExtensions.MessageLoopAsync: NotifyDataAvailable remoteEndPoint: 127.0.0.1:61926 localEndPoint: 127.0.0.1:61925
TpTrace Verbose: 0 : 16028, 14, 2022/03/28, 09:39:19.107, 5451788089000, vstest.console.dll, TestRequestSender.OnExecutionMessageReceived: Received message: {"Version":5,"MessageType":"TestSession.Message","Payload":{"MessageLevel":0,"Message":"[xUnit.net 00:00:00.57]   Discovered:  BankAppTest"}}
TpTrace Verbose: 0 : 16028, 14, 2022/03/28, 09:39:19.107, 5451788090437, vstest.console.dll, TestRunRequest:SendTestRunMessage: Starting.
TpTrace Information: 0 : 16028, 14, 2022/03/28, 09:39:19.107, 5451788090975, vstest.console.dll, TestRunRequest:SendTestRunMessage: Completed.
TpTrace Verbose: 0 : 16028, 14, 2022/03/28, 09:39:19.107, 5451788091222, vstest.console.dll, TcpClientExtensions.MessageLoopAsync: Polling on remoteEndPoint: 127.0.0.1:61926 localEndPoint: 127.0.0.1:61925
TpTrace Verbose: 0 : 16028, 14, 2022/03/28, 09:39:19.110, 5451788123923, vstest.console.dll, TcpClientExtensions.MessageLoopAsync: NotifyDataAvailable remoteEndPoint: 127.0.0.1:61926 localEndPoint: 127.0.0.1:61925
TpTrace Verbose: 0 : 16028, 14, 2022/03/28, 09:39:19.111, 5451788125314, vstest.console.dll, TestRequestSender.OnExecutionMessageReceived: Received message: {"Version":5,"MessageType":"TestSession.Message","Payload":{"MessageLevel":0,"Message":"[xUnit.net 00:00:00.57]   Starting:    BankAppTest"}}
TpTrace Verbose: 0 : 16028, 14, 2022/03/28, 09:39:19.111, 5451788126907, vstest.console.dll, TestRunRequest:SendTestRunMessage: Starting.
TpTrace Information: 0 : 16028, 14, 2022/03/28, 09:39:19.111, 5451788127355, vstest.console.dll, TestRunRequest:SendTestRunMessage: Completed.
TpTrace Verbose: 0 : 16028, 14, 2022/03/28, 09:39:19.111, 5451788127592, vstest.console.dll, TcpClientExtensions.MessageLoopAsync: Polling on remoteEndPoint: 127.0.0.1:61926 localEndPoint: 127.0.0.1:61925
TpTrace Verbose: 0 : 16028, 14, 2022/03/28, 09:39:19.288, 5451789899337, vstest.console.dll, TcpClientExtensions.MessageLoopAsync: NotifyDataAvailable remoteEndPoint: 127.0.0.1:61926 localEndPoint: 127.0.0.1:61925
TpTrace Verbose: 0 : 16028, 14, 2022/03/28, 09:39:19.288, 5451789901479, vstest.console.dll, TestRequestSender.OnExecutionMessageReceived: Received message: {"Version":5,"MessageType":"TestExecution.StatsChange","Payload":{"NewTestResults":[{"TestCase":{"Id":"2a477a69-a280-3dc7-6cdc-54aa78bffe94","FullyQualifiedName":"BankAppTest.UnitTest1.Test1","DisplayName":"BankAppTest.UnitTest1.Test1","ExecutorUri":"executor://xunit/VsTestRunner2/netcoreapp","Source":"C:\\Users\\hp\\source\\repos\\winform_jason\\BankAppTest\\bin\\Debug\\net5.0\\fine-code-coverage\\build-output\\BankAppTest.dll","CodeFilePath":null,"LineNumber":0,"Properties":[]},"Attachments":[],"Outcome":1,"ErrorMessage":null,"ErrorStackTrace":null,"DisplayName":"BankAppTest.UnitTest1.Test1","Messages":[],"ComputerName":"DESKTOP-IU46U34","Duration":"00:00:00.0031297","StartTime":"2022-03-28T08:39:19.1963652+00:00","EndTime":"2022-03-28T08:39:19.1964656+00:00","Properties":[]},{"TestCase":{"Id":"8e6c8bef-c3dc-1e30-8899-b15f49ff1d91","FullyQualifiedName":"BankAppTest.ValidationTest.Should_Validation_Amount","DisplayName":"BankAppTest.ValidationTest.Should_Validation_Amount(amount: \"\", expected: False)","ExecutorUri":"executor://xunit/VsTestRunner2/netcoreapp","Source":"C:\\Users\\hp\\source\\repos\\winform_jason\\BankAppTest\\bin\\Debug\\net5.0\\fine-code-coverage\\build-output\\BankAppTest.dll","CodeFilePath":null,"LineNumber":0,"Properties":[]},"Attachments":[],"Outcome":1,"ErrorMessage":null,"ErrorStackTrace":null,"DisplayName":"BankAppTest.ValidationTest.Should_Validation_Amount(amount: \"\", expected: False)","Messages":[],"ComputerName":"DESKTOP-IU46U34","Duration":"00:00:00.0060735","StartTime":"2022-03-28T08:39:19.2226279+00:00","EndTime":"2022-03-28T08:39:19.2226305+00:00","Properties":[]},{"TestCase":{"Id":"2692022b-99a9-8163-258b-41e8cd4712f5","FullyQualifiedName":"BankAppTest.ValidationTest.Should_Validation_Amount","DisplayName":"BankAppTest.ValidationTest.Should_Validation_Amount(amount: \"450.23\", expected: True)","ExecutorUri":"executor://xunit/VsTestRunner2/netcoreapp","Source":"C:\\Users\\hp\\source\\repos\\winform_jason\\BankAppTest\\bin\\Debug\\net5.0\\fine-code-coverage\\build-output\\BankAppTest.dll","CodeFilePath":null,"LineNumber":0,"Properties":[]},"Attachments":[],"Outcome":1,"ErrorMessage":null,"ErrorStackTrace":null,"DisplayName":"BankAppTest.ValidationTest.Should_Validation_Amount(amount: \"450.23\", expected: True)","Messages":[],"ComputerName":"DESKTOP-IU46U34","Duration":"00:00:00.0000606","StartTime":"2022-03-28T08:39:19.2289681+00:00","EndTime":"2022-03-28T08:39:19.2289705+00:00","Properties":[]},{"TestCase":{"Id":"240f6431-9faf-b244-8d18-d84ad6fcaa39","FullyQualifiedName":"BankAppTest.ValidationTest.Should_Validation_Amount","DisplayName":"BankAppTest.ValidationTest.Should_Validation_Amount(amount: \"5000\", expected: True)","ExecutorUri":"executor://xunit/VsTestRunner2/netcoreapp","Source":"C:\\Users\\hp\\source\\repos\\winform_jason\\BankAppTest\\bin\\Debug\\net5.0\\fine-code-coverage\\build-output\\BankAppTest.dll","CodeFilePath":null,"LineNumber":0,"Properties":[]},"Attachments":[],"Outcome":1,"ErrorMessage":null,"ErrorStackTrace":null,"DisplayName":"BankAppTest.ValidationTest.Should_Validation_Amount(amount: \"5000\", expected: True)","Messages":[],"ComputerName":"DESKTOP-IU46U34","Duration":"00:00:00.0000093","StartTime":"2022-03-28T08:39:19.2308757+00:00","EndTime":"2022-03-28T08:39:19.2308769+00:00","Properties":[]},{"TestCase":{"Id":"353eea2e-ae8c-7333-2f4a-6b55bbc04516","FullyQualifiedName":"BankAppTest.ValidationTest.Should_Validation_Amount","DisplayName":"BankAppTest.ValidationTest.Should_Validation_Amount(amount: \"seye@1\", expected: False)","ExecutorUri":"executor://xunit/VsTestRunner2/netcoreapp","Source":"C:\\Users\\hp\\source\\repos\\winform_jason\\BankAppTest\\bin\\Debug\\net5.0\\fine-code-coverage\\build-output\\BankAppTest.dll","CodeFilePath":null,"LineNumber":0,"Properties":[]},"Attachments":[],"Outcome":1,"ErrorMessage":null,"ErrorStackTrace":null,"DisplayName":"BankAppTest.ValidationTest.Should_Validation_Amount(amount: \"seye@1\", expected: False)","Messages":[],"ComputerName":"DESKTOP-IU46U34","Duration":"00:00:00.0000065","StartTime":"2022-03-28T08:39:19.2331631+00:00","EndTime":"2022-03-28T08:39:19.2331652+00:00","Properties":[]},{"TestCase":{"Id":"b2a747ec-be1f-46fc-e454-eb8fae6008ed","FullyQualifiedName":"BankAppTest.ValidationTest.Should_Validation_Amount","DisplayName":"BankAppTest.ValidationTest.Should_Validation_Amount(amount: \"0.567\", expected: True)","ExecutorUri":"executor://xunit/VsTestRunner2/netcoreapp","Source":"C:\\Users\\hp\\source\\repos\\winform_jason\\BankAppTest\\bin\\Debug\\net5.0\\fine-code-coverage\\build-output\\BankAppTest.dll","CodeFilePath":null,"LineNumber":0,"Properties":[]},"Attachments":[],"Outcome":1,"ErrorMessage":null,"ErrorStackTrace":null,"DisplayName":"BankAppTest.ValidationTest.Should_Validation_Amount(amount: \"0.567\", expected: True)","Messages":[],"ComputerName":"DESKTOP-IU46U34","Duration":"00:00:00.0000074","StartTime":"2022-03-28T08:39:19.2372076+00:00","EndTime":"2022-03-28T08:39:19.23721+00:00","Properties":[]},{"TestCase":{"Id":"ef0f0a68-8f99-4ffe-bd08-e615241914f3","FullyQualifiedName":"BankAppTest.ValidationTest.Should_Validation_Amount","DisplayName":"BankAppTest.ValidationTest.Should_Validation_Amount(amount: \"Chelsea@1\", expected: False)","ExecutorUri":"executor://xunit/VsTestRunner2/netcoreapp","Source":"C:\\Users\\hp\\source\\repos\\winform_jason\\BankAppTest\\bin\\Debug\\net5.0\\fine-code-coverage\\build-output\\BankAppTest.dll","CodeFilePath":null,"LineNumber":0,"Properties":[]},"Attachments":[],"Outcome":1,"ErrorMessage":null,"ErrorStackTrace":null,"DisplayName":"BankAppTest.ValidationTest.Should_Validation_Amount(amount: \"Chelsea@1\", expected: False)","Messages":[],"ComputerName":"DESKTOP-IU46U34","Duration":"00:00:00.0000055","StartTime":"2022-03-28T08:39:19.2397395+00:00","EndTime":"2022-03-28T08:39:19.239741+00:00","Properties":[]},{"TestCase":{"Id":"fa503bc5-20d6-369b-a8fc-3809e9f5fc82","FullyQualifiedName":"BankAppTest.ValidationTest.Should_Validation_Passord_equlity","DisplayName":"BankAppTest.ValidationTest.Should_Validation_Passord_equlity(password: \"\", confPassword: \"Sheye@1\", expected: False)","ExecutorUri":"executor://xunit/VsTestRunner2/netcoreapp","Source":"C:\\Users\\hp\\source\\repos\\winform_jason\\BankAppTest\\bin\\Debug\\net5.0\\fine-code-coverage\\build-output\\BankAppTest.dll","CodeFilePath":null,"LineNumber":0,"Properties":[]},"Attachments":[],"Outcome":1,"ErrorMessage":null,"ErrorStackTrace":null,"DisplayName":"BankAppTest.ValidationTest.Should_Validation_Passord_equlity(password: \"\", confPassword: \"Sheye@1\", expected: False)","Messages":[],"ComputerName":"DESKTOP-IU46U34","Duration":"00:00:00.0002999","StartTime":"2022-03-28T08:39:19.2415536+00:00","EndTime":"2022-03-28T08:39:19.2415548+00:00","Properties":[]}],"TestRunStatistics":{"ExecutedTests":8,"Stats":{"Passed":8}},"ActiveTests":[{"Id":"fccc8f2a-7ac6-730e-f3d7-224e4cf58651","FullyQualifiedName":"BankAppTest.AccountService.ReadAllAccounts","DisplayName":"BankAppTest.AccountService.ReadAllAccounts","ExecutorUri":"executor://xunit/VsTestRunner2/netcoreapp","Source":"C:\\Users\\hp\\source\\repos\\winform_jason\\BankAppTest\\bin\\Debug\\net5.0\\fine-code-coverage\\build-output\\BankAppTest.dll","CodeFilePath":null,"LineNumber":0,"Properties":[]},{"Id":"f30eb5b4-bc79-0657-5373-8616dcca9c91","FullyQualifiedName":"BankAppTest.ValidationTest.Should_Validation_Passord_equlity","DisplayName":"BankAppTest.ValidationTest.Should_Validation_Passord_equlity(password: \"Adeola@1\", confPassword: \"Adeola@1\", expected: True)","ExecutorUri":"executor://xunit/VsTestRunner2/netcoreapp","Source":"C:\\Users\\hp\\source\\repos\\winform_jason\\BankAppTest\\bin\\Debug\\net5.0\\fine-code-coverage\\build-output\\BankAppTest.dll","CodeFilePath":null,"LineNumber":0,"Properties":[]}]}}
TpTrace Verbose: 0 : 16028, 14, 2022/03/28, 09:39:19.319, 5451790213778, vstest.console.dll, TestRunRequest:SendTestRunStatsChange: Starting.
TpTrace Verbose: 0 : 16028, 14, 2022/03/28, 09:39:19.320, 5451790216057, vstest.console.dll, InProgress is BankAppTest.AccountService.ReadAllAccounts
TpTrace Verbose: 0 : 16028, 14, 2022/03/28, 09:39:19.320, 5451790216850, vstest.console.dll, InProgress is BankAppTest.ValidationTest.Should_Validation_Passord_equlity(password: "Adeola@1", confPassword: "Adeola@1", expected: True)
TpTrace Information: 0 : 16028, 14, 2022/03/28, 09:39:19.320, 5451790220192, vstest.console.dll, TestRunRequest:SendTestRunStatsChange: Completed.
TpTrace Verbose: 0 : 16028, 14, 2022/03/28, 09:39:19.320, 5451790221178, vstest.console.dll, TcpClientExtensions.MessageLoopAsync: Polling on remoteEndPoint: 127.0.0.1:61926 localEndPoint: 127.0.0.1:61925
TpTrace Verbose: 0 : 16028, 14, 2022/03/28, 09:39:19.320, 5451790221794, vstest.console.dll, TcpClientExtensions.MessageLoopAsync: NotifyDataAvailable remoteEndPoint: 127.0.0.1:61926 localEndPoint: 127.0.0.1:61925
TpTrace Verbose: 0 : 16028, 14, 2022/03/28, 09:39:19.320, 5451790223506, vstest.console.dll, TestRequestSender.OnExecutionMessageReceived: Received message: {"Version":5,"MessageType":"TestExecution.StatsChange","Payload":{"NewTestResults":[{"TestCase":{"Id":"f30eb5b4-bc79-0657-5373-8616dcca9c91","FullyQualifiedName":"BankAppTest.ValidationTest.Should_Validation_Passord_equlity","DisplayName":"BankAppTest.ValidationTest.Should_Validation_Passord_equlity(password: \"Adeola@1\", confPassword: \"Adeola@1\", expected: True)","ExecutorUri":"executor://xunit/VsTestRunner2/netcoreapp","Source":"C:\\Users\\hp\\source\\repos\\winform_jason\\BankAppTest\\bin\\Debug\\net5.0\\fine-code-coverage\\build-output\\BankAppTest.dll","CodeFilePath":null,"LineNumber":0,"Properties":[]},"Attachments":[],"Outcome":1,"ErrorMessage":null,"ErrorStackTrace":null,"DisplayName":"BankAppTest.ValidationTest.Should_Validation_Passord_equlity(password: \"Adeola@1\", confPassword: \"Adeola@1\", expected: True)","Messages":[],"ComputerName":"DESKTOP-IU46U34","Duration":"00:00:00.0000208","StartTime":"2022-03-28T08:39:19.2895539+00:00","EndTime":"2022-03-28T08:39:19.2895561+00:00","Properties":[]},{"TestCase":{"Id":"809c2102-00a1-501e-39ac-9c0168ee0e3e","FullyQualifiedName":"BankAppTest.ValidationTest.Should_Validation_Passord_equlity","DisplayName":"BankAppTest.ValidationTest.Should_Validation_Passord_equlity(password: \"Sheye@1\", confPassword: \"Sheye@1\", expected: True)","ExecutorUri":"executor://xunit/VsTestRunner2/netcoreapp","Source":"C:\\Users\\hp\\source\\repos\\winform_jason\\BankAppTest\\bin\\Debug\\net5.0\\fine-code-coverage\\build-output\\BankAppTest.dll","CodeFilePath":null,"LineNumber":0,"Properties":[]},"Attachments":[],"Outcome":1,"ErrorMessage":null,"ErrorStackTrace":null,"DisplayName":"BankAppTest.ValidationTest.Should_Validation_Passord_equlity(password: \"Sheye@1\", confPassword: \"Sheye@1\", expected: True)","Messages":[],"ComputerName":"DESKTOP-IU46U34","Duration":"00:00:00.0000055","StartTime":"2022-03-28T08:39:19.2921606+00:00","EndTime":"2022-03-28T08:39:19.2921629+00:00","Properties":[]},{"TestCase":{"Id":"b2626e7c-9366-9c6d-5c5b-7684dcc97954","FullyQualifiedName":"BankAppTest.ValidationTest.Should_Validation_Passord_equlity","DisplayName":"BankAppTest.ValidationTest.Should_Validation_Passord_equlity(password: \"Mike@1\", confPassword: \"\", expected: False)","ExecutorUri":"executor://xunit/VsTestRunner2/netcoreapp","Source":"C:\\Users\\hp\\source\\repos\\winform_jason\\BankAppTest\\bin\\Debug\\net5.0\\fine-code-coverage\\build-output\\BankAppTest.dll","CodeFilePath":null,"LineNumber":0,"Properties":[]},"Attachments":[],"Outcome":1,"ErrorMessage":null,"ErrorStackTrace":null,"DisplayName":"BankAppTest.ValidationTest.Should_Validation_Passord_equlity(password: \"Mike@1\", confPassword: \"\", expected: False)","Messages":[],"ComputerName":"DESKTOP-IU46U34","Duration":"00:00:00.0000044","StartTime":"2022-03-28T08:39:19.2941517+00:00","EndTime":"2022-03-28T08:39:19.2941535+00:00","Properties":[]},{"TestCase":{"Id":"2a9349ef-d59a-9471-1f2f-4627354a9c12","FullyQualifiedName":"BankAppTest.ValidationTest.Should_Validation_Passord_equlity","DisplayName":"BankAppTest.ValidationTest.Should_Validation_Passord_equlity(password: \"450.23\", confPassword: \"Chelsea@1\", expected: False)","ExecutorUri":"executor://xunit/VsTestRunner2/netcoreapp","Source":"C:\\Users\\hp\\source\\repos\\winform_jason\\BankAppTest\\bin\\Debug\\net5.0\\fine-code-coverage\\build-output\\BankAppTest.dll","CodeFilePath":null,"LineNumber":0,"Properties":[]},"Attachments":[],"Outcome":1,"ErrorMessage":null,"ErrorStackTrace":null,"DisplayName":"BankAppTest.ValidationTest.Should_Validation_Passord_equlity(password: \"450.23\", confPassword: \"Chelsea@1\", expected: False)","Messages":[],"ComputerName":"DESKTOP-IU46U34","Duration":"00:00:00.0000044","StartTime":"2022-03-28T08:39:19.2965067+00:00","EndTime":"2022-03-28T08:39:19.2965084+00:00","Properties":[]},{"TestCase":{"Id":"92aef036-00b9-0afb-0979-39a413d3c985","FullyQualifiedName":"BankAppTest.ValidationTest.Should_Validation_Passord_equlity","DisplayName":"BankAppTest.ValidationTest.Should_Validation_Passord_equlity(password: \"Chelsea@1\", confPassword: \"Chelsea@1\", expected: True)","ExecutorUri":"executor://xunit/VsTestRunner2/netcoreapp","Source":"C:\\Users\\hp\\source\\repos\\winform_jason\\BankAppTest\\bin\\Debug\\net5.0\\fine-code-coverage\\build-output\\BankAppTest.dll","CodeFilePath":null,"LineNumber":0,"Properties":[]},"Attachments":[],"Outcome":1,"ErrorMessage":null,"ErrorStackTrace":null,"DisplayName":"BankAppTest.ValidationTest.Should_Validation_Passord_equlity(password: \"Chelsea@1\", confPassword: \"Chelsea@1\", expected: True)","Messages":[],"ComputerName":"DESKTOP-IU46U34","Duration":"00:00:00.0000058","StartTime":"2022-03-28T08:39:19.3000557+00:00","EndTime":"2022-03-28T08:39:19.3000579+00:00","Properties":[]},{"TestCase":{"Id":"d8d725df-638e-26a5-a959-99bdf58803a6","FullyQualifiedName":"BankAppTest.ValidationTest.Should_Validation_Name","DisplayName":"BankAppTest.ValidationTest.Should_Validation_Name(name: \"Seye\", expected: True)","ExecutorUri":"executor://xunit/VsTestRunner2/netcoreapp","Source":"C:\\Users\\hp\\source\\repos\\winform_jason\\BankAppTest\\bin\\Debug\\net5.0\\fine-code-coverage\\build-output\\BankAppTest.dll","CodeFilePath":null,"LineNumber":0,"Properties":[]},"Attachments":[],"Outcome":1,"ErrorMessage":null,"ErrorStackTrace":null,"DisplayName":"BankAppTest.ValidationTest.Should_Validation_Name(name: \"Seye\", expected: True)","Messages":[],"ComputerName":"DESKTOP-IU46U34","Duration":"00:00:00.0030331","StartTime":"2022-03-28T08:39:19.305647+00:00","EndTime":"2022-03-28T08:39:19.3056494+00:00","Properties":[]},{"TestCase":{"Id":"46c0d700-ec03-c380-e7c0-1bd9960fe552","FullyQualifiedName":"BankAppTest.ValidationTest.Should_Validation_Name","DisplayName":"BankAppTest.ValidationTest.Should_Validation_Name(name: \"seye\", expected: False)","ExecutorUri":"executor://xunit/VsTestRunner2/netcoreapp","Source":"C:\\Users\\hp\\source\\repos\\winform_jason\\BankAppTest\\bin\\Debug\\net5.0\\fine-code-coverage\\build-output\\BankAppTest.dll","CodeFilePath":null,"LineNumber":0,"Properties":[]},"Attachments":[],"Outcome":1,"ErrorMessage":null,"ErrorStackTrace":null,"DisplayName":"BankAppTest.ValidationTest.Should_Validation_Name(name: \"seye\", expected: False)","Messages":[],"ComputerName":"DESKTOP-IU46U34","Duration":"00:00:00.0001009","StartTime":"2022-03-28T08:39:19.3073579+00:00","EndTime":"2022-03-28T08:39:19.3073594+00:00","Properties":[]},{"TestCase":{"Id":"434f61fc-32be-d9b2-afb7-391d3ed3a089","FullyQualifiedName":"BankAppTest.ValidationTest.Should_Validation_Name","DisplayName":"BankAppTest.ValidationTest.Should_Validation_Name(name: \"seye123\", expected: False)","ExecutorUri":"executor://xunit/VsTestRunner2/netcoreapp","Source":"C:\\Users\\hp\\source\\repos\\winform_jason\\BankAppTest\\bin\\Debug\\net5.0\\fine-code-coverage\\build-output\\BankAppTest.dll","CodeFilePath":null,"LineNumber":0,"Properties":[]},"Attachments":[],"Outcome":1,"ErrorMessage":null,"ErrorStackTrace":null,"DisplayName":"BankAppTest.ValidationTest.Should_Validation_Name(name: \"seye123\", expected: False)","Messages":[],"ComputerName":"DESKTOP-IU46U34","Duration":"00:00:00.0000285","StartTime":"2022-03-28T08:39:19.3098054+00:00","EndTime":"2022-03-28T08:39:19.3098074+00:00","Properties":[]},{"TestCase":{"Id":"a4730d60-3ca4-403f-b03b-714d9f0784ea","FullyQualifiedName":"BankAppTest.ValidationTest.Should_Validation_Name","DisplayName":"BankAppTest.ValidationTest.Should_Validation_Name(name: \"seye..gmailcom\", expected: False)","ExecutorUri":"executor://xunit/VsTestRunner2/netcoreapp","Source":"C:\\Users\\hp\\source\\repos\\winform_jason\\BankAppTest\\bin\\Debug\\net5.0\\fine-code-coverage\\build-output\\BankAppTest.dll","CodeFilePath":null,"LineNumber":0,"Properties":[]},"Attachments":[],"Outcome":1,"ErrorMessage":null,"ErrorStackTrace":null,"DisplayName":"BankAppTest.ValidationTest.Should_Validation_Name(name: \"seye..gmailcom\", expected: False)","Messages":[],"ComputerName":"DESKTOP-IU46U34","Duration":"00:00:00.0000202","StartTime":"2022-03-28T08:39:19.3121371+00:00","EndTime":"2022-03-28T08:39:19.3121407+00:00","Properties":[]}],"TestRunStatistics":{"ExecutedTests":17,"Stats":{"Passed":17}},"ActiveTests":[{"Id":"a9169875-4f98-2c76-ad60-1347f03b11c7","FullyQualifiedName":"BankAppTest.ValidationTest.Should_Validation_Name","DisplayName":"BankAppTest.ValidationTest.Should_Validation_Name(name: \"1232\", expected: False)","ExecutorUri":"executor://xunit/VsTestRunner2/netcoreapp","Source":"C:\\Users\\hp\\source\\repos\\winform_jason\\BankAppTest\\bin\\Debug\\net5.0\\fine-code-coverage\\build-output\\BankAppTest.dll","CodeFilePath":null,"LineNumber":0,"Properties":[]}]}}
TpTrace Verbose: 0 : 16028, 14, 2022/03/28, 09:39:19.323, 5451790246615, vstest.console.dll, TestRunRequest:SendTestRunStatsChange: Starting.
TpTrace Verbose: 0 : 16028, 14, 2022/03/28, 09:39:19.323, 5451790247732, vstest.console.dll, InProgress is BankAppTest.ValidationTest.Should_Validation_Name(name: "1232", expected: False)
TpTrace Information: 0 : 16028, 14, 2022/03/28, 09:39:19.323, 5451790248485, vstest.console.dll, TestRunRequest:SendTestRunStatsChange: Completed.
TpTrace Verbose: 0 : 16028, 14, 2022/03/28, 09:39:19.323, 5451790249397, vstest.console.dll, TcpClientExtensions.MessageLoopAsync: Polling on remoteEndPoint: 127.0.0.1:61926 localEndPoint: 127.0.0.1:61925
TpTrace Verbose: 0 : 16028, 14, 2022/03/28, 09:39:19.339, 5451790404728, vstest.console.dll, TcpClientExtensions.MessageLoopAsync: NotifyDataAvailable remoteEndPoint: 127.0.0.1:61926 localEndPoint: 127.0.0.1:61925
TpTrace Verbose: 0 : 16028, 14, 2022/03/28, 09:39:19.339, 5451790406451, vstest.console.dll, TestRequestSender.OnExecutionMessageReceived: Received message: {"Version":5,"MessageType":"TestExecution.StatsChange","Payload":{"NewTestResults":[{"TestCase":{"Id":"a9169875-4f98-2c76-ad60-1347f03b11c7","FullyQualifiedName":"BankAppTest.ValidationTest.Should_Validation_Name","DisplayName":"BankAppTest.ValidationTest.Should_Validation_Name(name: \"1232\", expected: False)","ExecutorUri":"executor://xunit/VsTestRunner2/netcoreapp","Source":"C:\\Users\\hp\\source\\repos\\winform_jason\\BankAppTest\\bin\\Debug\\net5.0\\fine-code-coverage\\build-output\\BankAppTest.dll","CodeFilePath":null,"LineNumber":0,"Properties":[]},"Attachments":[],"Outcome":1,"ErrorMessage":null,"ErrorStackTrace":null,"DisplayName":"BankAppTest.ValidationTest.Should_Validation_Name(name: \"1232\", expected: False)","Messages":[],"ComputerName":"DESKTOP-IU46U34","Duration":"00:00:00.0000201","StartTime":"2022-03-28T08:39:19.3180033+00:00","EndTime":"2022-03-28T08:39:19.3180133+00:00","Properties":[]},{"TestCase":{"Id":"3076429f-8c59-a265-3b5e-c20c86ff5e53","FullyQualifiedName":"BankAppTest.ValidationTest.Should_Validation_Name","DisplayName":"BankAppTest.ValidationTest.Should_Validation_Name(name: \"SEYE\", expected: True)","ExecutorUri":"executor://xunit/VsTestRunner2/netcoreapp","Source":"C:\\Users\\hp\\source\\repos\\winform_jason\\BankAppTest\\bin\\Debug\\net5.0\\fine-code-coverage\\build-output\\BankAppTest.dll","CodeFilePath":null,"LineNumber":0,"Properties":[]},"Attachments":[],"Outcome":1,"ErrorMessage":null,"ErrorStackTrace":null,"DisplayName":"BankAppTest.ValidationTest.Should_Validation_Name(name: \"SEYE\", expected: True)","Messages":[],"ComputerName":"DESKTOP-IU46U34","Duration":"00:00:00.0000195","StartTime":"2022-03-28T08:39:19.3226618+00:00","EndTime":"2022-03-28T08:39:19.3226648+00:00","Properties":[]},{"TestCase":{"Id":"edd87812-8db8-e2cc-bc8d-55e0708065fa","FullyQualifiedName":"BankAppTest.ValidationTest.Should_Validate_AccountNumber","DisplayName":"BankAppTest.ValidationTest.Should_Validate_AccountNumber(accountNumber: \"pouthfnfsa\", expected: False)","ExecutorUri":"executor://xunit/VsTestRunner2/netcoreapp","Source":"C:\\Users\\hp\\source\\repos\\winform_jason\\BankAppTest\\bin\\Debug\\net5.0\\fine-code-coverage\\build-output\\BankAppTest.dll","CodeFilePath":null,"LineNumber":0,"Properties":[]},"Attachments":[],"Outcome":1,"ErrorMessage":null,"ErrorStackTrace":null,"DisplayName":"BankAppTest.ValidationTest.Should_Validate_AccountNumber(accountNumber: \"pouthfnfsa\", expected: False)","Messages":[],"ComputerName":"DESKTOP-IU46U34","Duration":"00:00:00.0005806","StartTime":"2022-03-28T08:39:19.3251096+00:00","EndTime":"2022-03-28T08:39:19.3251114+00:00","Properties":[]},{"TestCase":{"Id":"23952eba-a028-60e0-e994-e45fbd4c5e14","FullyQualifiedName":"BankAppTest.ValidationTest.Should_Validate_AccountNumber","DisplayName":"BankAppTest.ValidationTest.Should_Validate_AccountNumber(accountNumber: \"WDT1234276\", expected: False)","ExecutorUri":"executor://xunit/VsTestRunner2/netcoreapp","Source":"C:\\Users\\hp\\source\\repos\\winform_jason\\BankAppTest\\bin\\Debug\\net5.0\\fine-code-coverage\\build-output\\BankAppTest.dll","CodeFilePath":null,"LineNumber":0,"Properties":[]},"Attachments":[],"Outcome":1,"ErrorMessage":null,"ErrorStackTrace":null,"DisplayName":"BankAppTest.ValidationTest.Should_Validate_AccountNumber(accountNumber: \"WDT1234276\", expected: False)","Messages":[],"ComputerName":"DESKTOP-IU46U34","Duration":"00:00:00.0000382","StartTime":"2022-03-28T08:39:19.3269475+00:00","EndTime":"2022-03-28T08:39:19.3269491+00:00","Properties":[]},{"TestCase":{"Id":"84e4760e-0822-3c06-18e8-994d9d7a946d","FullyQualifiedName":"BankAppTest.ValidationTest.Should_Validate_AccountNumber","DisplayName":"BankAppTest.ValidationTest.Should_Validate_AccountNumber(accountNumber: \"\", expected: False)","ExecutorUri":"executor://xunit/VsTestRunner2/netcoreapp","Source":"C:\\Users\\hp\\source\\repos\\winform_jason\\BankAppTest\\bin\\Debug\\net5.0\\fine-code-coverage\\build-output\\BankAppTest.dll","CodeFilePath":null,"LineNumber":0,"Properties":[]},"Attachments":[],"Outcome":1,"ErrorMessage":null,"ErrorStackTrace":null,"DisplayName":"BankAppTest.ValidationTest.Should_Validate_AccountNumber(accountNumber: \"\", expected: False)","Messages":[],"ComputerName":"DESKTOP-IU46U34","Duration":"00:00:00.0000056","StartTime":"2022-03-28T08:39:19.3293181+00:00","EndTime":"2022-03-28T08:39:19.3293201+00:00","Properties":[]},{"TestCase":{"Id":"b46f8fe2-28db-b6c2-f5bf-9719b8a54b07","FullyQualifiedName":"BankAppTest.ValidationTest.Should_Validate_AccountNumber","DisplayName":"BankAppTest.ValidationTest.Should_Validate_AccountNumber(accountNumber: \"1111569847\", expected: True)","ExecutorUri":"executor://xunit/VsTestRunner2/netcoreapp","Source":"C:\\Users\\hp\\source\\repos\\winform_jason\\BankAppTest\\bin\\Debug\\net5.0\\fine-code-coverage\\build-output\\BankAppTest.dll","CodeFilePath":null,"LineNumber":0,"Properties":[]},"Attachments":[],"Outcome":1,"ErrorMessage":null,"ErrorStackTrace":null,"DisplayName":"BankAppTest.ValidationTest.Should_Validate_AccountNumber(accountNumber: \"1111569847\", expected: True)","Messages":[],"ComputerName":"DESKTOP-IU46U34","Duration":"00:00:00.0000051","StartTime":"2022-03-28T08:39:19.331232+00:00","EndTime":"2022-03-28T08:39:19.3312333+00:00","Properties":[]},{"TestCase":{"Id":"b5b3a68d-b6ff-7015-7659-3731b046eef7","FullyQualifiedName":"BankAppTest.ValidationTest.Should_Validate_AccountNumber","DisplayName":"BankAppTest.ValidationTest.Should_Validate_AccountNumber(accountNumber: \"1122989833\", expected: True)","ExecutorUri":"executor://xunit/VsTestRunner2/netcoreapp","Source":"C:\\Users\\hp\\source\\repos\\winform_jason\\BankAppTest\\bin\\Debug\\net5.0\\fine-code-coverage\\build-output\\BankAppTest.dll","CodeFilePath":null,"LineNumber":0,"Properties":[]},"Attachments":[],"Outcome":1,"ErrorMessage":null,"ErrorStackTrace":null,"DisplayName":"BankAppTest.ValidationTest.Should_Validate_AccountNumber(accountNumber: \"1122989833\", expected: True)","Messages":[],"ComputerName":"DESKTOP-IU46U34","Duration":"00:00:00.0000033","StartTime":"2022-03-28T08:39:19.3335423+00:00","EndTime":"2022-03-28T08:39:19.3335445+00:00","Properties":[]},{"TestCase":{"Id":"97db13ca-c352-0409-59ff-1ea2463d9767","FullyQualifiedName":"BankAppTest.ValidationTest.Should_Validation_Email","DisplayName":"BankAppTest.ValidationTest.Should_Validation_Email(email: \"seye..gmailcom\", expected: False)","ExecutorUri":"executor://xunit/VsTestRunner2/netcoreapp","Source":"C:\\Users\\hp\\source\\repos\\winform_jason\\BankAppTest\\bin\\Debug\\net5.0\\fine-code-coverage\\build-output\\BankAppTest.dll","CodeFilePath":null,"LineNumber":0,"Properties":[]},"Attachments":[],"Outcome":1,"ErrorMessage":null,"ErrorStackTrace":null,"DisplayName":"BankAppTest.ValidationTest.Should_Validation_Email(email: \"seye..gmailcom\", expected: False)","Messages":[],"ComputerName":"DESKTOP-IU46U34","Duration":"00:00:00.0027988","StartTime":"2022-03-28T08:39:19.3358612+00:00","EndTime":"2022-03-28T08:39:19.3358632+00:00","Properties":[]},{"TestCase":{"Id":"e685af52-aa46-668f-0322-0fda22a87adb","FullyQualifiedName":"BankAppTest.ValidationTest.Should_Validation_Email","DisplayName":"BankAppTest.ValidationTest.Should_Validation_Email(email: \"SEYE@GMAIL.COM\", expected: True)","ExecutorUri":"executor://xunit/VsTestRunner2/netcoreapp","Source":"C:\\Users\\hp\\source\\repos\\winform_jason\\BankAppTest\\bin\\Debug\\net5.0\\fine-code-coverage\\build-output\\BankAppTest.dll","CodeFilePath":null,"LineNumber":0,"Properties":[]},"Attachments":[],"Outcome":1,"ErrorMessage":null,"ErrorStackTrace":null,"DisplayName":"BankAppTest.ValidationTest.Should_Validation_Email(email: \"SEYE@GMAIL.COM\", expected: True)","Messages":[],"ComputerName":"DESKTOP-IU46U34","Duration":"00:00:00.0000731","StartTime":"2022-03-28T08:39:19.3372832+00:00","EndTime":"2022-03-28T08:39:19.3372845+00:00","Properties":[]}],"TestRunStatistics":{"ExecutedTests":26,"Stats":{"Passed":26}},"ActiveTests":[{"Id":"61f9d120-017f-aaff-1c0d-14f0e52ce135","FullyQualifiedName":"BankAppTest.ValidationTest.Should_Validation_Email","DisplayName":"BankAppTest.ValidationTest.Should_Validation_Email(email: \"seye.@gmailcom\", expected: False)","ExecutorUri":"executor://xunit/VsTestRunner2/netcoreapp","Source":"C:\\Users\\hp\\source\\repos\\winform_jason\\BankAppTest\\bin\\Debug\\net5.0\\fine-code-coverage\\build-output\\BankAppTest.dll","CodeFilePath":null,"LineNumber":0,"Properties":[]}]}}
TpTrace Verbose: 0 : 16028, 14, 2022/03/28, 09:39:19.340, 5451790421999, vstest.console.dll, TestRunRequest:SendTestRunStatsChange: Starting.
TpTrace Verbose: 0 : 16028, 14, 2022/03/28, 09:39:19.340, 5451790422544, vstest.console.dll, InProgress is BankAppTest.ValidationTest.Should_Validation_Email(email: "seye.@gmailcom", expected: False)
TpTrace Information: 0 : 16028, 14, 2022/03/28, 09:39:19.340, 5451790423035, vstest.console.dll, TestRunRequest:SendTestRunStatsChange: Completed.
TpTrace Verbose: 0 : 16028, 14, 2022/03/28, 09:39:19.340, 5451790423330, vstest.console.dll, TcpClientExtensions.MessageLoopAsync: Polling on remoteEndPoint: 127.0.0.1:61926 localEndPoint: 127.0.0.1:61925
TpTrace Verbose: 0 : 16028, 14, 2022/03/28, 09:39:19.361, 5451790632891, vstest.console.dll, TcpClientExtensions.MessageLoopAsync: NotifyDataAvailable remoteEndPoint: 127.0.0.1:61926 localEndPoint: 127.0.0.1:61925
TpTrace Verbose: 0 : 16028, 14, 2022/03/28, 09:39:19.362, 5451790636303, vstest.console.dll, TestRequestSender.OnExecutionMessageReceived: Received message: {"Version":5,"MessageType":"TestExecution.StatsChange","Payload":{"NewTestResults":[{"TestCase":{"Id":"61f9d120-017f-aaff-1c0d-14f0e52ce135","FullyQualifiedName":"BankAppTest.ValidationTest.Should_Validation_Email","DisplayName":"BankAppTest.ValidationTest.Should_Validation_Email(email: \"seye.@gmailcom\", expected: False)","ExecutorUri":"executor://xunit/VsTestRunner2/netcoreapp","Source":"C:\\Users\\hp\\source\\repos\\winform_jason\\BankAppTest\\bin\\Debug\\net5.0\\fine-code-coverage\\build-output\\BankAppTest.dll","CodeFilePath":null,"LineNumber":0,"Properties":[]},"Attachments":[],"Outcome":1,"ErrorMessage":null,"ErrorStackTrace":null,"DisplayName":"BankAppTest.ValidationTest.Should_Validation_Email(email: \"seye.@gmailcom\", expected: False)","Messages":[],"ComputerName":"DESKTOP-IU46U34","Duration":"00:00:00.0000334","StartTime":"2022-03-28T08:39:19.3399096+00:00","EndTime":"2022-03-28T08:39:19.3399107+00:00","Properties":[]},{"TestCase":{"Id":"4a1330d9-6e56-358e-9579-92fc611ad447","FullyQualifiedName":"BankAppTest.ValidationTest.Should_Validation_Email","DisplayName":"BankAppTest.ValidationTest.Should_Validation_Email(email: \"seye@gma.com\", expected: True)","ExecutorUri":"executor://xunit/VsTestRunner2/netcoreapp","Source":"C:\\Users\\hp\\source\\repos\\winform_jason\\BankAppTest\\bin\\Debug\\net5.0\\fine-code-coverage\\build-output\\BankAppTest.dll","CodeFilePath":null,"LineNumber":0,"Properties":[]},"Attachments":[],"Outcome":1,"ErrorMessage":null,"ErrorStackTrace":null,"DisplayName":"BankAppTest.ValidationTest.Should_Validation_Email(email: \"seye@gma.com\", expected: True)","Messages":[],"ComputerName":"DESKTOP-IU46U34","Duration":"00:00:00.0000326","StartTime":"2022-03-28T08:39:19.3415052+00:00","EndTime":"2022-03-28T08:39:19.3415067+00:00","Properties":[]},{"TestCase":{"Id":"ce5d456a-2f23-c4cf-6855-ac9bb9b62b55","FullyQualifiedName":"BankAppTest.ValidationTest.Should_Validation_Email","DisplayName":"BankAppTest.ValidationTest.Should_Validation_Email(email: \"Seye@gmail.com\", expected: True)","ExecutorUri":"executor://xunit/VsTestRunner2/netcoreapp","Source":"C:\\Users\\hp\\source\\repos\\winform_jason\\BankAppTest\\bin\\Debug\\net5.0\\fine-code-coverage\\build-output\\BankAppTest.dll","CodeFilePath":null,"LineNumber":0,"Properties":[]},"Attachments":[],"Outcome":1,"ErrorMessage":null,"ErrorStackTrace":null,"DisplayName":"BankAppTest.ValidationTest.Should_Validation_Email(email: \"Seye@gmail.com\", expected: True)","Messages":[],"ComputerName":"DESKTOP-IU46U34","Duration":"00:00:00.0000303","StartTime":"2022-03-28T08:39:19.342996+00:00","EndTime":"2022-03-28T08:39:19.3429969+00:00","Properties":[]},{"TestCase":{"Id":"39c2074e-99a9-3541-737f-6fa653ef1ede","FullyQualifiedName":"BankAppTest.ValidationTest.Should_Validation_Password","DisplayName":"BankAppTest.ValidationTest.Should_Validation_Password(password: \"Chelsea@1\", expected: True)","ExecutorUri":"executor://xunit/VsTestRunner2/netcoreapp","Source":"C:\\Users\\hp\\source\\repos\\winform_jason\\BankAppTest\\bin\\Debug\\net5.0\\fine-code-coverage\\build-output\\BankAppTest.dll","CodeFilePath":null,"LineNumber":0,"Properties":[]},"Attachments":[],"Outcome":1,"ErrorMessage":null,"ErrorStackTrace":null,"DisplayName":"BankAppTest.ValidationTest.Should_Validation_Password(password: \"Chelsea@1\", expected: True)","Messages":[],"ComputerName":"DESKTOP-IU46U34","Duration":"00:00:00.0007862","StartTime":"2022-03-28T08:39:19.3449821+00:00","EndTime":"2022-03-28T08:39:19.3449841+00:00","Properties":[]},{"TestCase":{"Id":"241049ab-d420-296d-f344-ee287d02622f","FullyQualifiedName":"BankAppTest.ValidationTest.Should_Validation_Password","DisplayName":"BankAppTest.ValidationTest.Should_Validation_Password(password: \"SEYE\", expected: False)","ExecutorUri":"executor://xunit/VsTestRunner2/netcoreapp","Source":"C:\\Users\\hp\\source\\repos\\winform_jason\\BankAppTest\\bin\\Debug\\net5.0\\fine-code-coverage\\build-output\\BankAppTest.dll","CodeFilePath":null,"LineNumber":0,"Properties":[]},"Attachments":[],"Outcome":1,"ErrorMessage":null,"ErrorStackTrace":null,"DisplayName":"BankAppTest.ValidationTest.Should_Validation_Password(password: \"SEYE\", expected: False)","Messages":[],"ComputerName":"DESKTOP-IU46U34","Duration":"00:00:00.0000653","StartTime":"2022-03-28T08:39:19.3467289+00:00","EndTime":"2022-03-28T08:39:19.3467391+00:00","Properties":[]},{"TestCase":{"Id":"ae698c95-d9ee-58de-a623-76e0005f04ab","FullyQualifiedName":"BankAppTest.ValidationTest.Should_Validation_Password","DisplayName":"BankAppTest.ValidationTest.Should_Validation_Password(password: \"seye@1\", expected: False)","ExecutorUri":"executor://xunit/VsTestRunner2/netcoreapp","Source":"C:\\Users\\hp\\source\\repos\\winform_jason\\BankAppTest\\bin\\Debug\\net5.0\\fine-code-coverage\\build-output\\BankAppTest.dll","CodeFilePath":null,"LineNumber":0,"Properties":[]},"Attachments":[],"Outcome":1,"ErrorMessage":null,"ErrorStackTrace":null,"DisplayName":"BankAppTest.ValidationTest.Should_Validation_Password(password: \"seye@1\", expected: False)","Messages":[],"ComputerName":"DESKTOP-IU46U34","Duration":"00:00:00.0000430","StartTime":"2022-03-28T08:39:19.3488546+00:00","EndTime":"2022-03-28T08:39:19.3488569+00:00","Properties":[]},{"TestCase":{"Id":"5db33643-3534-b0a0-873d-6f17d3bc070b","FullyQualifiedName":"BankAppTest.ValidationTest.Should_Validation_Password","DisplayName":"BankAppTest.ValidationTest.Should_Validation_Password(password: \"Seye@1\", expected: True)","ExecutorUri":"executor://xunit/VsTestRunner2/netcoreapp","Source":"C:\\Users\\hp\\source\\repos\\winform_jason\\BankAppTest\\bin\\Debug\\net5.0\\fine-code-coverage\\build-output\\BankAppTest.dll","CodeFilePath":null,"LineNumber":0,"Properties":[]},"Attachments":[],"Outcome":1,"ErrorMessage":null,"ErrorStackTrace":null,"DisplayName":"BankAppTest.ValidationTest.Should_Validation_Password(password: \"Seye@1\", expected: True)","Messages":[],"ComputerName":"DESKTOP-IU46U34","Duration":"00:00:00.0000444","StartTime":"2022-03-28T08:39:19.3529898+00:00","EndTime":"2022-03-28T08:39:19.3530055+00:00","Properties":[]},{"TestCase":{"Id":"2e88b591-2d6d-6e39-aa8a-5942326fcc04","FullyQualifiedName":"BankAppTest.ValidationTest.Should_Validation_Password","DisplayName":"BankAppTest.ValidationTest.Should_Validation_Password(password: \"Seye\", expected: False)","ExecutorUri":"executor://xunit/VsTestRunner2/netcoreapp","Source":"C:\\Users\\hp\\source\\repos\\winform_jason\\BankAppTest\\bin\\Debug\\net5.0\\fine-code-coverage\\build-output\\BankAppTest.dll","CodeFilePath":null,"LineNumber":0,"Properties":[]},"Attachments":[],"Outcome":1,"ErrorMessage":null,"ErrorStackTrace":null,"DisplayName":"BankAppTest.ValidationTest.Should_Validation_Password(password: \"Seye\", expected: False)","Messages":[],"ComputerName":"DESKTOP-IU46U34","Duration":"00:00:00.0000410","StartTime":"2022-03-28T08:39:19.3563652+00:00","EndTime":"2022-03-28T08:39:19.3563667+00:00","Properties":[]},{"TestCase":{"Id":"100a2726-d92a-ca0d-75d5-c91f56cfeddb","FullyQualifiedName":"BankAppTest.ValidationTest.Should_Validation_Password","DisplayName":"BankAppTest.ValidationTest.Should_Validation_Password(password: \"1232\", expected: False)","ExecutorUri":"executor://xunit/VsTestRunner2/netcoreapp","Source":"C:\\Users\\hp\\source\\repos\\winform_jason\\BankAppTest\\bin\\Debug\\net5.0\\fine-code-coverage\\build-output\\BankAppTest.dll","CodeFilePath":null,"LineNumber":0,"Properties":[]},"Attachments":[],"Outcome":1,"ErrorMessage":null,"ErrorStackTrace":null,"DisplayName":"BankAppTest.ValidationTest.Should_Validation_Password(password: \"1232\", expected: False)","Messages":[],"ComputerName":"DESKTOP-IU46U34","Duration":"00:00:00.0000413","StartTime":"2022-03-28T08:39:19.3578165+00:00","EndTime":"2022-03-28T08:39:19.3578178+00:00","Properties":[]},{"TestCase":{"Id":"fccc8f2a-7ac6-730e-f3d7-224e4cf58651","FullyQualifiedName":"BankAppTest.AccountService.ReadAllAccounts","DisplayName":"BankAppTest.AccountService.ReadAllAccounts","ExecutorUri":"executor://xunit/VsTestRunner2/netcoreapp","Source":"C:\\Users\\hp\\source\\repos\\winform_jason\\BankAppTest\\bin\\Debug\\net5.0\\fine-code-coverage\\build-output\\BankAppTest.dll","CodeFilePath":null,"LineNumber":0,"Properties":[]},"Attachments":[],"Outcome":1,"ErrorMessage":null,"ErrorStackTrace":null,"DisplayName":"BankAppTest.AccountService.ReadAllAccounts","Messages":[],"ComputerName":"DESKTOP-IU46U34","Duration":"00:00:00.0355027","StartTime":"2022-03-28T08:39:19.3586987+00:00","EndTime":"2022-03-28T08:39:19.3586993+00:00","Properties":[]}],"TestRunStatistics":{"ExecutedTests":36,"Stats":{"Passed":36}},"ActiveTests":[]}}
TpTrace Verbose: 0 : 16028, 14, 2022/03/28, 09:39:19.364, 5451790663080, vstest.console.dll, TestRunRequest:SendTestRunStatsChange: Starting.
TpTrace Information: 0 : 16028, 14, 2022/03/28, 09:39:19.365, 5451790665708, vstest.console.dll, TestRunRequest:SendTestRunStatsChange: Completed.
TpTrace Verbose: 0 : 16028, 14, 2022/03/28, 09:39:19.365, 5451790666278, vstest.console.dll, TcpClientExtensions.MessageLoopAsync: Polling on remoteEndPoint: 127.0.0.1:61926 localEndPoint: 127.0.0.1:61925
TpTrace Verbose: 0 : 16028, 14, 2022/03/28, 09:39:19.396, 5451790974674, vstest.console.dll, TcpClientExtensions.MessageLoopAsync: NotifyDataAvailable remoteEndPoint: 127.0.0.1:61926 localEndPoint: 127.0.0.1:61925
TpTrace Verbose: 0 : 16028, 14, 2022/03/28, 09:39:19.396, 5451790975973, vstest.console.dll, TestRequestSender.OnExecutionMessageReceived: Received message: {"Version":5,"MessageType":"TestSession.Message","Payload":{"MessageLevel":0,"Message":"[xUnit.net 00:00:00.86]   Finished:    BankAppTest"}}
TpTrace Verbose: 0 : 16028, 14, 2022/03/28, 09:39:19.396, 5451790977556, vstest.console.dll, TestRunRequest:SendTestRunMessage: Starting.
TpTrace Information: 0 : 16028, 14, 2022/03/28, 09:39:19.396, 5451790978080, vstest.console.dll, TestRunRequest:SendTestRunMessage: Completed.
TpTrace Verbose: 0 : 16028, 14, 2022/03/28, 09:39:19.396, 5451790978321, vstest.console.dll, TcpClientExtensions.MessageLoopAsync: Polling on remoteEndPoint: 127.0.0.1:61926 localEndPoint: 127.0.0.1:61925
TpTrace Verbose: 0 : 16028, 14, 2022/03/28, 09:39:19.412, 5451791137350, vstest.console.dll, TcpClientExtensions.MessageLoopAsync: NotifyDataAvailable remoteEndPoint: 127.0.0.1:61926 localEndPoint: 127.0.0.1:61925
TpTrace Verbose: 0 : 16028, 14, 2022/03/28, 09:39:19.412, 5451791139458, vstest.console.dll, TestRequestSender.OnExecutionMessageReceived: Received message: {"Version":5,"MessageType":"TestExecution.Completed","Payload":{"TestRunCompleteArgs":{"TestRunStatistics":{"ExecutedTests":39,"Stats":{"Passed":39}},"IsCanceled":false,"IsAborted":false,"Error":null,"AttachmentSets":[],"ElapsedTimeInRunningTests":"00:00:00.8723029","Metrics":{}},"LastRunTests":{"NewTestResults":[{"TestCase":{"Id":"70a93c28-fb89-86ee-3980-06f665f9964b","FullyQualifiedName":"BankAppTest.AccountService.HasDepositedFalse","DisplayName":"BankAppTest.AccountService.HasDepositedFalse","ExecutorUri":"executor://xunit/VsTestRunner2/netcoreapp","Source":"C:\\Users\\hp\\source\\repos\\winform_jason\\BankAppTest\\bin\\Debug\\net5.0\\fine-code-coverage\\build-output\\BankAppTest.dll","CodeFilePath":null,"LineNumber":0,"Properties":[]},"Attachments":[],"Outcome":1,"ErrorMessage":null,"ErrorStackTrace":null,"DisplayName":"BankAppTest.AccountService.HasDepositedFalse","Messages":[],"ComputerName":"DESKTOP-IU46U34","Duration":"00:00:00.1687135","StartTime":"2022-03-28T08:39:19.381876+00:00","EndTime":"2022-03-28T08:39:19.3818788+00:00","Properties":[]},{"TestCase":{"Id":"592442e0-112d-8417-91c3-a1b9704b3330","FullyQualifiedName":"BankAppTest.AccountService.ReadJsonReturnAccount","DisplayName":"BankAppTest.AccountService.ReadJsonReturnAccount","ExecutorUri":"executor://xunit/VsTestRunner2/netcoreapp","Source":"C:\\Users\\hp\\source\\repos\\winform_jason\\BankAppTest\\bin\\Debug\\net5.0\\fine-code-coverage\\build-output\\BankAppTest.dll","CodeFilePath":null,"LineNumber":0,"Properties":[]},"Attachments":[],"Outcome":1,"ErrorMessage":null,"ErrorStackTrace":null,"DisplayName":"BankAppTest.AccountService.ReadJsonReturnAccount","Messages":[],"ComputerName":"DESKTOP-IU46U34","Duration":"00:00:00.0052783","StartTime":"2022-03-28T08:39:19.3901221+00:00","EndTime":"2022-03-28T08:39:19.390124+00:00","Properties":[]},{"TestCase":{"Id":"f31033b2-0c57-59e3-ae7b-f2a79d0dcba2","FullyQualifiedName":"BankAppTest.AccountService.MakeDeposit","DisplayName":"BankAppTest.AccountService.MakeDeposit","ExecutorUri":"executor://xunit/VsTestRunner2/netcoreapp","Source":"C:\\Users\\hp\\source\\repos\\winform_jason\\BankAppTest\\bin\\Debug\\net5.0\\fine-code-coverage\\build-output\\BankAppTest.dll","CodeFilePath":null,"LineNumber":0,"Properties":[]},"Attachments":[],"Outcome":1,"ErrorMessage":null,"ErrorStackTrace":null,"DisplayName":"BankAppTest.AccountService.MakeDeposit","Messages":[],"ComputerName":"DESKTOP-IU46U34","Duration":"00:00:00.0012597","StartTime":"2022-03-28T08:39:19.3925354+00:00","EndTime":"2022-03-28T08:39:19.3925378+00:00","Properties":[]}],"TestRunStatistics":{"ExecutedTests":39,"Stats":{"Passed":39}},"ActiveTests":[]},"RunAttachments":[],"ExecutorUris":["executor://xunit/VsTestRunner2/netcoreapp"]}}
TpTrace Verbose: 0 : 16028, 14, 2022/03/28, 09:39:19.412, 5451791141964, vstest.console.dll, TestRequestSender.EndSession: Sending end session.
TpTrace Verbose: 0 : 16028, 14, 2022/03/28, 09:39:19.412, 5451791143358, vstest.console.dll, ProxyOperationManager.Close: waiting for test host to exit for 100 ms
TpTrace Warning: 0 : 16028, 13, 2022/03/28, 09:39:19.456, 5451791576279, vstest.console.dll, TestHostManagerCallbacks.ErrorReceivedCallback Test host standard error line: 
TpTrace Verbose: 0 : 16028, 8, 2022/03/28, 09:39:19.467, 5451791685335, vstest.console.dll, TestHostProvider.ExitCallBack: Host exited starting callback.
TpTrace Information: 0 : 16028, 8, 2022/03/28, 09:39:19.467, 5451791691817, vstest.console.dll, TestHostManagerCallbacks.ExitCallBack: Testhost processId: 59800 exited with exitcode: 0 error: ''
TpTrace Verbose: 0 : 16028, 8, 2022/03/28, 09:39:19.467, 5451791692695, vstest.console.dll, DotnetTestHostManager.OnHostExited: invoking OnHostExited callback
TpTrace Verbose: 0 : 16028, 8, 2022/03/28, 09:39:19.467, 5451791693194, vstest.console.dll, CrossPlatEngine.TestHostManagerHostExited: calling on client process exit callback.
TpTrace Information: 0 : 16028, 8, 2022/03/28, 09:39:19.467, 5451791693634, vstest.console.dll, TestRequestSender.OnClientProcessExit: Test host process exited. Standard error: 
TpTrace Warning: 0 : 16028, 14, 2022/03/28, 09:39:19.467, 5451791693726, vstest.console.dll, ProxyOperationManager: Timed out waiting for test host to exit. Will terminate process.
TpTrace Information: 0 : 16028, 8, 2022/03/28, 09:39:19.468, 5451791694226, vstest.console.dll, SocketServer.Stop: Stop server endPoint: 127.0.0.1:61925
TpTrace Information: 0 : 16028, 8, 2022/03/28, 09:39:19.468, 5451791695191, vstest.console.dll, SocketServer.Stop: Cancellation requested. Stopping message loop.
TpTrace Verbose: 0 : 16028, 14, 2022/03/28, 09:39:19.468, 5451791699749, vstest.console.dll, ProxyDataCollectionManager.InvokeDataCollectionServiceAction: Starting.
TpTrace Information: 0 : 16028, 14, 2022/03/28, 09:39:19.468, 5451791700344, vstest.console.dll, ProxyDataCollectionManager.AfterTestRunEnd: Get attachment set for datacollector processId: 65512 port: 61922
TpTrace Verbose: 0 : 16028, 14, 2022/03/28, 09:39:19.468, 5451791700777, vstest.console.dll, DataCollectionRequestSender.SendAfterTestRunStartAndGetResult : Send AfterTestRunEnd message with isCancelled: False
TpTrace Verbose: 0 : 16028, 14, 2022/03/28, 09:39:19.472, 5451791739054, vstest.console.dll, DataCollectionRequestSender.SendAfterTestRunStartAndGetResult : Received message: (DataCollection.AfterTestRunEndResult) -> {
  "AttachmentSets": [],
  "Metrics": {}
}
TpTrace Information: 0 : 16028, 14, 2022/03/28, 09:39:19.474, 5451791763607, vstest.console.dll, ProxyDataCollectionManager.InvokeDataCollectionServiceAction: Completed.
TpTrace Warning: 0 : 16028, 10, 2022/03/28, 09:39:19.480, 5451791817390, vstest.console.dll, DataCollectionLauncher.ErrorReceivedCallback datacollector standard error line: 
TpTrace Information: 0 : 16028, 8, 2022/03/28, 09:39:19.482, 5451791835644, vstest.console.dll, DataCollectionLauncher.ExitCallBack: Data collector exited with exitcode: 0 error: ''
TpTrace Verbose: 0 : 16028, 14, 2022/03/28, 09:39:19.502, 5451792039236, vstest.console.dll, TestRunRequest:SendTestRunStatsChange: Starting.
TpTrace Information: 0 : 16028, 14, 2022/03/28, 09:39:19.502, 5451792040343, vstest.console.dll, TestRunRequest:SendTestRunStatsChange: Completed.
TpTrace Verbose: 0 : 16028, 14, 2022/03/28, 09:39:19.502, 5451792042037, vstest.console.dll, ParallelProxyExecutionManager: HandlePartialRunComplete: Total completed clients = 1, Run complete = True, Run canceled: False.
TpTrace Verbose: 0 : 16028, 14, 2022/03/28, 09:39:19.524, 5451792256776, vstest.console.dll, TestRunRequest:TestRunComplete: Starting. IsAborted:False IsCanceled:False.
TpTrace Verbose: 0 : 16028, 14, 2022/03/28, 09:39:19.524, 5451792258899, vstest.console.dll, TestLoggerManager.HandleTestRunComplete: Ignoring as the object is disposed.
TpTrace Information: 0 : 16028, 14, 2022/03/28, 09:39:19.524, 5451792261580, vstest.console.dll, TestRunRequest:TestRunComplete: Completed.
TpTrace Verbose: 0 : 16028, 1, 2022/03/28, 09:39:19.524, 5451792261786, vstest.console.dll, TestRunRequest.Dispose: Starting.
TpTrace Verbose: 0 : 16028, 14, 2022/03/28, 09:39:19.524, 5451792262166, vstest.console.dll, TestRequestSender.SetOperationComplete: Setting operation complete.
TpTrace Information: 0 : 16028, 1, 2022/03/28, 09:39:19.524, 5451792262930, vstest.console.dll, TestRunRequest.Dispose: Completed.
TpTrace Information: 0 : 16028, 14, 2022/03/28, 09:39:19.524, 5451792263294, vstest.console.dll, SocketServer.Stop: Stop server endPoint: 127.0.0.1:61925
TpTrace Information: 0 : 16028, 1, 2022/03/28, 09:39:19.525, 5451792264166, vstest.console.dll, TestRequestManager.RunTests: run tests completed.
TpTrace Information: 0 : 16028, 14, 2022/03/28, 09:39:19.525, 5451792264214, vstest.console.dll, SocketServer.Stop: Cancellation requested. Stopping message loop.
TpTrace Information: 0 : 16028, 14, 2022/03/28, 09:39:19.525, 5451792264889, vstest.console.dll, SocketServer.PrivateStop: Stopping server endPoint: 127.0.0.1:61925 error: 
TpTrace Information: 0 : 16028, 1, 2022/03/28, 09:39:19.525, 5451792265073, vstest.console.dll, RunTestsArgumentProcessor:Execute: Test run is completed.
TpTrace Verbose: 0 : 16028, 1, 2022/03/28, 09:39:19.525, 5451792266801, vstest.console.dll, Executor.Execute: Exiting with exit code of 0
TpTrace Verbose: 0 : 16028, 14, 2022/03/28, 09:39:19.525, 5451792268897, vstest.console.dll, LengthPrefixCommunicationChannel.Dispose: Dispose reader and writer.
TpTrace Information: 0 : 16028, 14, 2022/03/28, 09:39:19.525, 5451792270464, vstest.console.dll, SocketServer.Stop: Raise disconnected event endPoint: 127.0.0.1:61925 error: 
TpTrace Verbose: 0 : 16028, 14, 2022/03/28, 09:39:19.525, 5451792271025, vstest.console.dll, TestRequestSender: OnTestRunAbort: Operation is already complete. Skip error message.
TpTrace Verbose: 0 : 16028, 14, 2022/03/28, 09:39:19.525, 5451792271426, vstest.console.dll, TcpClientExtensions.MessageLoopAsync: exiting MessageLoopAsync remoteEndPoint: 127.0.0.1:61926 localEndPoint: 127.0.0.1:61925
